2025-07-21 13:08:34.239 +00:00 [INF] Waiting for projects to be health...
2025-07-21 13:08:34.385 +00:00 [INF] Start running TeaPie tests ...
2025-07-21 13:08:34.535 +00:00 [INF] - MyDocuments
2025-07-21 13:08:34.535 +00:00 [INF] - Partners
2025-07-21 13:08:34.542 +00:00 [INF] [MyDocuments]> Wait "00:00:02" before collection run.
2025-07-21 13:08:36.560 +00:00 [INF] [MyDocuments]> Start running TeaPie tests.
2025-07-21 13:08:36.565 +00:00 [DBG] teapie test /srv/data/TeaPie/tests/MyDocuments --report-file /srv/data/TeaPie/reports/junit/MyDocuments-2025-07-21-13-08-36-5637-testresults.xml --environment docker-aks --log-file /srv/data/logs-.log --verbose
2025-07-21 13:08:36.599 +00:00 [INF] [MyDocuments]> Process started; ID: 708
2025-07-21 13:08:36.605 +00:00 [INF] [Partners]> Wait "00:00:02" before collection run.
2025-07-21 13:08:36.793 +00:00 [DBG] [MyDocuments]>   _____                 ___   _           _       ___       _               
2025-07-21 13:08:36.793 +00:00 [DBG] [MyDocuments]>  |_   _|  ___   __ _   | _ \ (_)  ___    / |     |_  )     / |              
2025-07-21 13:08:36.793 +00:00 [DBG] [MyDocuments]>    | |   / -_) / _` |  |  _/ | | / -_)   | |  _   / /   _  | |              
2025-07-21 13:08:36.794 +00:00 [DBG] [MyDocuments]>    |_|   \___| \__,_|  |_|   |_| \___|   |_| (_) /___| (_) |_|              
2025-07-21 13:08:36.794 +00:00 [DBG] [MyDocuments]>                                                                             
2025-07-21 13:08:37.037 +00:00 [DBG] [MyDocuments]> [13:08:37 DBG] Application pipeline started. Number of planned steps: 8.
2025-07-21 13:08:37.040 +00:00 [DBG] [MyDocuments]> [13:08:37 DBG] Application is working with these paths:
2025-07-21 13:08:37.040 +00:00 [DBG] [MyDocuments]> Path: '/srv/data/TeaPie/tests/MyDocuments'
2025-07-21 13:08:37.040 +00:00 [DBG] [MyDocuments]> Temporary folder path: '/srv/data/TeaPie/.teapie'
2025-07-21 13:08:37.040 +00:00 [DBG] [MyDocuments]> TeaPie folder path: '/srv/data/TeaPie/.teapie'
2025-07-21 13:08:37.048 +00:00 [DBG] [MyDocuments]> [13:08:37 INF] Exploration of the collection started at path: '/srv/data/TeaPie/tests/MyDocuments'.
2025-07-21 13:08:37.057 +00:00 [DBG] [MyDocuments]> [13:08:37 DBG] .teapie folder was found at path '/srv/data/TeaPie/.teapie'.
2025-07-21 13:08:37.061 +00:00 [DBG] [MyDocuments]> [13:08:37 DBG] environment file was found at path '/srv/data/TeaPie/.teapie/env.json'
2025-07-21 13:08:37.062 +00:00 [DBG] [MyDocuments]> [13:08:37 DBG] initialization script was found at path '/srv/data/TeaPie/.teapie/init.csx'
2025-07-21 13:08:37.068 +00:00 [DBG] [MyDocuments]> [13:08:37 INF] Collection explored in 10 ms, found 10 test cases.
2025-07-21 13:08:37.070 +00:00 [DBG] [MyDocuments]> [13:08:37 DBG] No variables were loaded from previous run.
2025-07-21 13:08:37.110 +00:00 [DBG] [MyDocuments]> [13:08:37 DBG] 7 environments were found in the file at path '/srv/data/TeaPie/.teapie/env.json'. (test-lab, $shared, production, staging, docker-aks, docker, devlab)
2025-07-21 13:08:37.115 +00:00 [DBG] [MyDocuments]> [13:08:37 INF] Running on docker-aks environment.
2025-07-21 13:08:37.371 +00:00 [DBG] [MyDocuments]> [13:08:37 INF]   CACHE https://api.nuget.org/v3/registration5-gz-semver2/microsoft.csharp/index.json
2025-07-21 13:08:37.445 +00:00 [DBG] [MyDocuments]> [13:08:37 INF]   GET https://api.nuget.org/v3-flatcontainer/microsoft.csharp/4.7.0/microsoft.csharp.4.7.0.nupkg
2025-07-21 13:08:37.788 +00:00 [DBG] [MyDocuments]> [13:08:37 INF]   OK https://api.nuget.org/v3-flatcontainer/microsoft.csharp/4.7.0/microsoft.csharp.4.7.0.nupkg 338ms
2025-07-21 13:08:37.916 +00:00 [DBG] [MyDocuments]> [13:08:37 INF] Installed Microsoft.CSharp 4.7.0 from https://api.nuget.org/v3/index.json to /srv/data/TeaPie/.teapie/cache/packages/microsoft.csharp/4.7.0 with content hash pTj+D3uJWyN3My70i2Hqo+OXixq3Os2D1nJ2x92FFo6sk8fYS1m1WLNTs0Dc1uPaViH0YvEEwvzddQ7y4rhXmA==.
2025-07-21 13:08:37.922 +00:00 [DBG] [MyDocuments]> [13:08:37 VRB] NuGet Package Microsoft.CSharp, 4.7.0 was successfully downloaded.
2025-07-21 13:08:37.937 +00:00 [DBG] [MyDocuments]> [13:08:37 VRB] NuGet Package Microsoft.CSharp, 4.7.0 was successfully addded to execution assembly.
2025-07-21 13:08:37.940 +00:00 [DBG] [MyDocuments]> [13:08:37 INF]   CACHE https://api.nuget.org/v3/registration5-gz-semver2/xunit.assert/index.json
2025-07-21 13:08:37.951 +00:00 [DBG] [MyDocuments]> [13:08:37 INF]   GET https://api.nuget.org/v3-flatcontainer/xunit.assert/2.9.3/xunit.assert.2.9.3.nupkg
2025-07-21 13:08:37.974 +00:00 [DBG] [MyDocuments]> [13:08:37 INF]   OK https://api.nuget.org/v3-flatcontainer/xunit.assert/2.9.3/xunit.assert.2.9.3.nupkg 23ms
2025-07-21 13:08:37.994 +00:00 [DBG] [MyDocuments]> [13:08:37 INF] Installed Xunit.Assert 2.9.3 from https://api.nuget.org/v3/index.json to /srv/data/TeaPie/.teapie/cache/packages/xunit.assert/2.9.3 with content hash /Kq28fCE7MjOV42YLVRAJzRF0WmEqsmflm0cfpMjGtzQ2lR5mYVj1/i0Y8uDAOLczkL3/jArrwehfMD0YogMAA==.
2025-07-21 13:08:37.995 +00:00 [DBG] [MyDocuments]> [13:08:37 VRB] NuGet Package Xunit.Assert, 2.9.3 was successfully downloaded.
2025-07-21 13:08:37.996 +00:00 [DBG] [MyDocuments]> [13:08:37 VRB] NuGet Package Xunit.Assert, 2.9.3 was successfully addded to execution assembly.
2025-07-21 13:08:37.997 +00:00 [DBG] [MyDocuments]> [13:08:37 VRB] Default NuGet packages were successfully added: (Microsoft.CSharp, 4.7.0, Xunit.Assert, 2.9.3)
2025-07-21 13:08:37.998 +00:00 [DBG] [MyDocuments]> [13:08:37 VRB] Pre-defined auth providers were registered: None, OAuth2.
2025-07-21 13:08:38.004 +00:00 [DBG] [MyDocuments]> [13:08:38 DBG] Using 'MyDocuments/.teapie/init.csx' as initialization script.
2025-07-21 13:08:38.011 +00:00 [DBG] [MyDocuments]> [13:08:38 VRB] Content of the script file at path 'MyDocuments/.teapie/init.csx' was read in 3 ms
2025-07-21 13:08:38.013 +00:00 [DBG] [MyDocuments]> [13:08:38 VRB] Pre-process of the script at path 'MyDocuments/.teapie/init.csx' started.
2025-07-21 13:08:38.020 +00:00 [DBG] [MyDocuments]> [13:08:38 VRB] Pre-process of the script at path 'MyDocuments/.teapie/init.csx' finished in 6 ms.
2025-07-21 13:08:38.023 +00:00 [DBG] [MyDocuments]> [13:08:38 DBG] For the referenced script '/srv/data/TeaPie/.teapie/Shared/Scripts/Auth.csx', 4 steps of pre-process were scheduled in the pipeline.
2025-07-21 13:08:38.023 +00:00 [DBG] [MyDocuments]> [13:08:38 DBG] For the referenced script '/srv/data/TeaPie/.teapie/Shared/Scripts/Directives.csx', 4 steps of pre-process were scheduled in the pipeline.
2025-07-21 13:08:38.024 +00:00 [DBG] [MyDocuments]> [13:08:38 DBG] For the referenced script '/srv/data/TeaPie/.teapie/Shared/Scripts/Retrying.csx', 4 steps of pre-process were scheduled in the pipeline.
2025-07-21 13:08:38.025 +00:00 [DBG] [MyDocuments]> [13:08:38 VRB] Content of the script file at path '/srv/data/TeaPie/.teapie/Shared/Scripts/Retrying.csx' was read in 1 ms
2025-07-21 13:08:38.025 +00:00 [DBG] [MyDocuments]> [13:08:38 VRB] Pre-process of the script at path '/srv/data/TeaPie/.teapie/Shared/Scripts/Retrying.csx' started.
2025-07-21 13:08:38.030 +00:00 [DBG] [MyDocuments]> [13:08:38 INF]   CACHE https://api.nuget.org/v3/registration5-gz-semver2/polly/index.json
2025-07-21 13:08:38.044 +00:00 [DBG] [MyDocuments]> [13:08:38 INF]   CACHE https://api.nuget.org/v3/registration5-gz-semver2/polly.core/index.json
2025-07-21 13:08:38.055 +00:00 [DBG] [MyDocuments]> [13:08:38 INF]   GET https://api.nuget.org/v3-flatcontainer/polly.core/8.5.2/polly.core.8.5.2.nupkg
2025-07-21 13:08:38.060 +00:00 [DBG] [MyDocuments]> [13:08:38 VRB] Pre-process of the script at path '/srv/data/TeaPie/.teapie/Shared/Scripts/Retrying.csx' finished in 34 ms.
2025-07-21 13:08:38.134 +00:00 [DBG] [MyDocuments]> [13:08:38 INF]   OK https://api.nuget.org/v3-flatcontainer/polly.core/8.5.2/polly.core.8.5.2.nupkg 78ms
2025-07-21 13:08:38.603 +00:00 [INF] [Partners]> Start running TeaPie tests.
2025-07-21 13:08:38.603 +00:00 [DBG] teapie test /srv/data/TeaPie/tests/Partners --report-file /srv/data/TeaPie/reports/junit/Partners-2025-07-21-13-08-38-6032-testresults.xml --environment docker-aks --log-file /srv/data/logs-.log --verbose
2025-07-21 13:08:38.606 +00:00 [INF] [Partners]> Process started; ID: 729
2025-07-21 13:08:38.689 +00:00 [DBG] [MyDocuments]> [13:08:38 INF] Installed Polly.Core 8.5.2 from https://api.nuget.org/v3/index.json to /srv/data/TeaPie/.teapie/cache/packages/polly.core/8.5.2 with content hash 1MJKdxv4zwDmiWvYvVN24DsrWUfgQ4F83voH8bhbtLMdPuGy8CfTUzsgQhvyrl1a7hrM6f/ydwLVdVUI0xooUw==.
2025-07-21 13:08:38.693 +00:00 [DBG] [MyDocuments]> [13:08:38 INF]   GET https://api.nuget.org/v3-flatcontainer/polly/8.5.2/polly.8.5.2.nupkg
2025-07-21 13:08:38.740 +00:00 [DBG] [MyDocuments]> [13:08:38 INF]   OK https://api.nuget.org/v3-flatcontainer/polly/8.5.2/polly.8.5.2.nupkg 47ms
2025-07-21 13:08:38.797 +00:00 [DBG] [Partners]>   _____                 ___   _           _       ___       _               
2025-07-21 13:08:38.797 +00:00 [DBG] [Partners]>  |_   _|  ___   __ _   | _ \ (_)  ___    / |     |_  )     / |              
2025-07-21 13:08:38.797 +00:00 [DBG] [Partners]>    | |   / -_) / _` |  |  _/ | | / -_)   | |  _   / /   _  | |              
2025-07-21 13:08:38.797 +00:00 [DBG] [Partners]>    |_|   \___| \__,_|  |_|   |_| \___|   |_| (_) /___| (_) |_|              
2025-07-21 13:08:38.797 +00:00 [DBG] [Partners]>                                                                             
2025-07-21 13:08:39.025 +00:00 [DBG] [Partners]> [13:08:39 DBG] Application pipeline started. Number of planned steps: 8.
2025-07-21 13:08:39.027 +00:00 [DBG] [Partners]> [13:08:39 DBG] Application is working with these paths:
2025-07-21 13:08:39.027 +00:00 [DBG] [Partners]> Path: '/srv/data/TeaPie/tests/Partners'
2025-07-21 13:08:39.027 +00:00 [DBG] [Partners]> Temporary folder path: '/srv/data/TeaPie/.teapie'
2025-07-21 13:08:39.027 +00:00 [DBG] [Partners]> TeaPie folder path: '/srv/data/TeaPie/.teapie'
2025-07-21 13:08:39.034 +00:00 [DBG] [Partners]> [13:08:39 INF] Exploration of the collection started at path: '/srv/data/TeaPie/tests/Partners'.
2025-07-21 13:08:39.043 +00:00 [DBG] [Partners]> [13:08:39 DBG] .teapie folder was found at path '/srv/data/TeaPie/.teapie'.
2025-07-21 13:08:39.046 +00:00 [DBG] [Partners]> [13:08:39 DBG] environment file was found at path '/srv/data/TeaPie/.teapie/env.json'
2025-07-21 13:08:39.047 +00:00 [DBG] [Partners]> [13:08:39 DBG] initialization script was found at path '/srv/data/TeaPie/.teapie/init.csx'
2025-07-21 13:08:39.055 +00:00 [DBG] [Partners]> [13:08:39 INF] Collection explored in 11 ms, found 96 test cases.
2025-07-21 13:08:39.057 +00:00 [DBG] [Partners]> [13:08:39 DBG] No variables were loaded from previous run.
2025-07-21 13:08:39.095 +00:00 [DBG] [Partners]> [13:08:39 DBG] 7 environments were found in the file at path '/srv/data/TeaPie/.teapie/env.json'. (test-lab, $shared, production, staging, docker-aks, docker, devlab)
2025-07-21 13:08:39.097 +00:00 [DBG] [MyDocuments]> [13:08:39 INF] Installed Polly 8.5.2 from https://api.nuget.org/v3/index.json to /srv/data/TeaPie/.teapie/cache/packages/polly/8.5.2 with content hash vbXsGgkG86nG+TOwY+SmtrGrRHmHH0DQaxtILx//d3Dz/ocJ8izSNYzdvU2gEtWa/LDD8zJLvD3HdjEkdlvkhg==.
2025-07-21 13:08:39.097 +00:00 [DBG] [MyDocuments]> [13:08:39 VRB] NuGet Package Polly, 8.5.2 was successfully downloaded.
2025-07-21 13:08:39.098 +00:00 [DBG] [MyDocuments]> [13:08:39 VRB] NuGet Package Polly, 8.5.2 was successfully addded to execution assembly.
2025-07-21 13:08:39.101 +00:00 [DBG] [Partners]> [13:08:39 INF] Running on docker-aks environment.
2025-07-21 13:08:39.103 +00:00 [DBG] [MyDocuments]> [13:08:39 INF]   CACHE https://api.nuget.org/v3/registration5-gz-semver2/microsoft.extensions.http/index.json
2025-07-21 13:08:39.141 +00:00 [DBG] [MyDocuments]> [13:08:39 INF]   CACHE https://api.nuget.org/v3/registration5-gz-semver2/microsoft.extensions.dependencyinjection.abstractions/index.json
2025-07-21 13:08:39.141 +00:00 [DBG] [MyDocuments]> [13:08:39 INF]   CACHE https://api.nuget.org/v3/registration5-gz-semver2/microsoft.extensions.dependencyinjection.abstractions/page/3.1.27/9.0.3.json
2025-07-21 13:08:39.165 +00:00 [DBG] [MyDocuments]> [13:08:39 INF]   GET https://api.nuget.org/v3-flatcontainer/microsoft.extensions.dependencyinjection.abstractions/7.0.0/microsoft.extensions.dependencyinjection.abstractions.7.0.0.nupkg
2025-07-21 13:08:39.237 +00:00 [DBG] [MyDocuments]> [13:08:39 INF]   OK https://api.nuget.org/v3-flatcontainer/microsoft.extensions.dependencyinjection.abstractions/7.0.0/microsoft.extensions.dependencyinjection.abstractions.7.0.0.nupkg 70ms
2025-07-21 13:08:39.273 +00:00 [DBG] [MyDocuments]> [13:08:39 INF] Installed Microsoft.Extensions.DependencyInjection.Abstractions 7.0.0 from https://api.nuget.org/v3/index.json to /srv/data/TeaPie/.teapie/cache/packages/microsoft.extensions.dependencyinjection.abstractions/7.0.0 with content hash h3j/QfmFN4S0w4C2A6X7arXij/M/OVw3uQHSOFxnND4DyAzO1F9eMX7Eti7lU/OkSthEE0WzRsfT/Dmx86jzCw==.
2025-07-21 13:08:39.274 +00:00 [DBG] [MyDocuments]> [13:08:39 INF]   CACHE https://api.nuget.org/v3/registration5-gz-semver2/microsoft.extensions.logging.abstractions/index.json
2025-07-21 13:08:39.275 +00:00 [DBG] [MyDocuments]> [13:08:39 INF]   CACHE https://api.nuget.org/v3/registration5-gz-semver2/microsoft.extensions.logging.abstractions/page/3.1.24/9.0.0-preview.4.24266.19.json
2025-07-21 13:08:39.359 +00:00 [DBG] [MyDocuments]> [13:08:39 INF]   GET https://api.nuget.org/v3-flatcontainer/microsoft.extensions.logging.abstractions/7.0.0/microsoft.extensions.logging.abstractions.7.0.0.nupkg
2025-07-21 13:08:39.374 +00:00 [DBG] [MyDocuments]> [13:08:39 INF]   OK https://api.nuget.org/v3-flatcontainer/microsoft.extensions.logging.abstractions/7.0.0/microsoft.extensions.logging.abstractions.7.0.0.nupkg 15ms
2025-07-21 13:08:39.388 +00:00 [DBG] [Partners]> [13:08:39 INF]   CACHE https://api.nuget.org/v3/registration5-gz-semver2/microsoft.csharp/index.json
2025-07-21 13:08:39.450 +00:00 [DBG] [MyDocuments]> [13:08:39 INF] Installed Microsoft.Extensions.Logging.Abstractions 7.0.0 from https://api.nuget.org/v3/index.json to /srv/data/TeaPie/.teapie/cache/packages/microsoft.extensions.logging.abstractions/7.0.0 with content hash kmn78+LPVMOWeITUjIlfxUPDsI0R6G0RkeAMBmQxAJ7vBJn4q2dTva7pWi65ceN5vPGjJ9q/Uae2WKgvfktJAw==.
2025-07-21 13:08:39.451 +00:00 [DBG] [MyDocuments]> [13:08:39 INF]   CACHE https://api.nuget.org/v3/registration5-gz-semver2/microsoft.extensions.logging/index.json
2025-07-21 13:08:39.452 +00:00 [DBG] [MyDocuments]> [13:08:39 INF]   CACHE https://api.nuget.org/v3/registration5-gz-semver2/microsoft.extensions.logging/page/3.1.24/9.0.0.json
2025-07-21 13:08:39.455 +00:00 [DBG] [Partners]> [13:08:39 VRB] NuGet Package Microsoft.CSharp, 4.7.0 was successfully downloaded.
2025-07-21 13:08:39.469 +00:00 [DBG] [Partners]> [13:08:39 VRB] NuGet Package Microsoft.CSharp, 4.7.0 was successfully addded to execution assembly.
2025-07-21 13:08:39.472 +00:00 [DBG] [Partners]> [13:08:39 INF]   CACHE https://api.nuget.org/v3/registration5-gz-semver2/xunit.assert/index.json
2025-07-21 13:08:39.475 +00:00 [DBG] [MyDocuments]> [13:08:39 INF]   GET https://api.nuget.org/v3-flatcontainer/microsoft.extensions.logging/7.0.0/microsoft.extensions.logging.7.0.0.nupkg
2025-07-21 13:08:39.482 +00:00 [DBG] [Partners]> [13:08:39 VRB] NuGet Package Xunit.Assert, 2.9.3 was successfully downloaded.
2025-07-21 13:08:39.482 +00:00 [DBG] [Partners]> [13:08:39 VRB] NuGet Package Xunit.Assert, 2.9.3 was successfully addded to execution assembly.
2025-07-21 13:08:39.483 +00:00 [DBG] [Partners]> [13:08:39 VRB] Default NuGet packages were successfully added: (Microsoft.CSharp, 4.7.0, Xunit.Assert, 2.9.3)
2025-07-21 13:08:39.483 +00:00 [DBG] [Partners]> [13:08:39 VRB] Pre-defined auth providers were registered: None, OAuth2.
2025-07-21 13:08:39.489 +00:00 [DBG] [Partners]> [13:08:39 DBG] Using 'Partners/.teapie/init.csx' as initialization script.
2025-07-21 13:08:39.490 +00:00 [DBG] [MyDocuments]> [13:08:39 INF]   OK https://api.nuget.org/v3-flatcontainer/microsoft.extensions.logging/7.0.0/microsoft.extensions.logging.7.0.0.nupkg 15ms
2025-07-21 13:08:39.501 +00:00 [DBG] [Partners]> [13:08:39 VRB] Content of the script file at path 'Partners/.teapie/init.csx' was read in 9 ms
2025-07-21 13:08:39.504 +00:00 [DBG] [Partners]> [13:08:39 VRB] Pre-process of the script at path 'Partners/.teapie/init.csx' started.
2025-07-21 13:08:39.512 +00:00 [DBG] [MyDocuments]> [13:08:39 INF] Installed Microsoft.Extensions.Logging 7.0.0 from https://api.nuget.org/v3/index.json to /srv/data/TeaPie/.teapie/cache/packages/microsoft.extensions.logging/7.0.0 with content hash Nw2muoNrOG5U5qa2ZekXwudUn2BJcD41e65zwmDHb1fQegTX66UokLWZkJRpqSSHXDOWZ5V0iqhbxOEky91atA==.
2025-07-21 13:08:39.512 +00:00 [DBG] [Partners]> [13:08:39 VRB] Pre-process of the script at path 'Partners/.teapie/init.csx' finished in 7 ms.
2025-07-21 13:08:39.513 +00:00 [DBG] [MyDocuments]> [13:08:39 INF]   CACHE https://api.nuget.org/v3/registration5-gz-semver2/microsoft.extensions.options/index.json
2025-07-21 13:08:39.514 +00:00 [DBG] [MyDocuments]> [13:08:39 INF]   CACHE https://api.nuget.org/v3/registration5-gz-semver2/microsoft.extensions.options/page/3.1.24/9.0.0-rc.1.24431.7.json
2025-07-21 13:08:39.516 +00:00 [DBG] [Partners]> [13:08:39 DBG] For the referenced script '/srv/data/TeaPie/.teapie/Shared/Scripts/Auth.csx', 4 steps of pre-process were scheduled in the pipeline.
2025-07-21 13:08:39.516 +00:00 [DBG] [Partners]> [13:08:39 DBG] For the referenced script '/srv/data/TeaPie/.teapie/Shared/Scripts/Directives.csx', 4 steps of pre-process were scheduled in the pipeline.
2025-07-21 13:08:39.516 +00:00 [DBG] [Partners]> [13:08:39 DBG] For the referenced script '/srv/data/TeaPie/.teapie/Shared/Scripts/Retrying.csx', 4 steps of pre-process were scheduled in the pipeline.
2025-07-21 13:08:39.516 +00:00 [DBG] [Partners]> [13:08:39 VRB] Content of the script file at path '/srv/data/TeaPie/.teapie/Shared/Scripts/Retrying.csx' was read in 0 ms
2025-07-21 13:08:39.517 +00:00 [DBG] [Partners]> [13:08:39 VRB] Pre-process of the script at path '/srv/data/TeaPie/.teapie/Shared/Scripts/Retrying.csx' started.
2025-07-21 13:08:39.523 +00:00 [DBG] [Partners]> [13:08:39 INF]   CACHE https://api.nuget.org/v3/registration5-gz-semver2/polly/index.json
2025-07-21 13:08:39.529 +00:00 [DBG] [MyDocuments]> [13:08:39 INF]   GET https://api.nuget.org/v3-flatcontainer/microsoft.extensions.options/7.0.0/microsoft.extensions.options.7.0.0.nupkg
2025-07-21 13:08:39.536 +00:00 [DBG] [Partners]> [13:08:39 INF]   CACHE https://api.nuget.org/v3/registration5-gz-semver2/polly.core/index.json
2025-07-21 13:08:39.546 +00:00 [DBG] [MyDocuments]> [13:08:39 INF]   OK https://api.nuget.org/v3-flatcontainer/microsoft.extensions.options/7.0.0/microsoft.extensions.options.7.0.0.nupkg 17ms
2025-07-21 13:08:39.550 +00:00 [DBG] [Partners]> [13:08:39 VRB] NuGet Package Polly, 8.5.2 was successfully downloaded.
2025-07-21 13:08:39.551 +00:00 [DBG] [Partners]> [13:08:39 VRB] NuGet Package Polly, 8.5.2 was successfully addded to execution assembly.
2025-07-21 13:08:39.553 +00:00 [DBG] [Partners]> [13:08:39 VRB] Pre-process of the script at path '/srv/data/TeaPie/.teapie/Shared/Scripts/Retrying.csx' finished in 36 ms.
2025-07-21 13:08:39.555 +00:00 [DBG] [Partners]> [13:08:39 INF]   CACHE https://api.nuget.org/v3/registration5-gz-semver2/microsoft.extensions.http/index.json
2025-07-21 13:08:39.571 +00:00 [DBG] [MyDocuments]> [13:08:39 INF] Installed Microsoft.Extensions.Options 7.0.0 from https://api.nuget.org/v3/index.json to /srv/data/TeaPie/.teapie/cache/packages/microsoft.extensions.options/7.0.0 with content hash lP1yBnTTU42cKpMozuafbvNtQ7QcBjr/CcK3bYOGEMH55Fjt+iecXjT6chR7vbgCMqy3PG3aNQSZgo/EuY/9qQ==.
2025-07-21 13:08:39.572 +00:00 [DBG] [MyDocuments]> [13:08:39 INF]   GET https://api.nuget.org/v3-flatcontainer/microsoft.extensions.http/7.0.0/microsoft.extensions.http.7.0.0.nupkg
2025-07-21 13:08:39.584 +00:00 [DBG] [Partners]> [13:08:39 INF]   CACHE https://api.nuget.org/v3/registration5-gz-semver2/microsoft.extensions.dependencyinjection.abstractions/index.json
2025-07-21 13:08:39.584 +00:00 [DBG] [Partners]> [13:08:39 INF]   CACHE https://api.nuget.org/v3/registration5-gz-semver2/microsoft.extensions.dependencyinjection.abstractions/page/3.1.27/9.0.3.json
2025-07-21 13:08:39.591 +00:00 [DBG] [MyDocuments]> [13:08:39 INF]   OK https://api.nuget.org/v3-flatcontainer/microsoft.extensions.http/7.0.0/microsoft.extensions.http.7.0.0.nupkg 17ms
2025-07-21 13:08:39.595 +00:00 [DBG] [Partners]> [13:08:39 INF]   CACHE https://api.nuget.org/v3/registration5-gz-semver2/microsoft.extensions.logging.abstractions/index.json
2025-07-21 13:08:39.596 +00:00 [DBG] [Partners]> [13:08:39 INF]   CACHE https://api.nuget.org/v3/registration5-gz-semver2/microsoft.extensions.logging.abstractions/page/3.1.24/9.0.0-preview.4.24266.19.json
2025-07-21 13:08:39.609 +00:00 [DBG] [Partners]> [13:08:39 INF]   CACHE https://api.nuget.org/v3/registration5-gz-semver2/microsoft.extensions.logging/index.json
2025-07-21 13:08:39.609 +00:00 [DBG] [Partners]> [13:08:39 INF]   CACHE https://api.nuget.org/v3/registration5-gz-semver2/microsoft.extensions.logging/page/3.1.24/9.0.0.json
2025-07-21 13:08:39.611 +00:00 [DBG] [MyDocuments]> [13:08:39 INF] Installed Microsoft.Extensions.Http 7.0.0 from https://api.nuget.org/v3/index.json to /srv/data/TeaPie/.teapie/cache/packages/microsoft.extensions.http/7.0.0 with content hash 9Pq9f/CvOSz0t9yQa6g1uWpxa2sm13daLFm8EZwy9MaQUjKXWdNUXQwIxwhmba5N83UIqURiPHSNqGK1vfWF2w==.
2025-07-21 13:08:39.611 +00:00 [DBG] [MyDocuments]> [13:08:39 VRB] NuGet Package Microsoft.Extensions.Http, 7.0.0 was successfully downloaded.
2025-07-21 13:08:39.611 +00:00 [DBG] [MyDocuments]> [13:08:39 VRB] NuGet Package Microsoft.Extensions.Http, 7.0.0 was successfully addded to execution assembly.
2025-07-21 13:08:39.617 +00:00 [DBG] [MyDocuments]> [13:08:39 VRB] Pre-processed script from path '/srv/data/TeaPie/.teapie/Shared/Scripts/Retrying.csx' was saved to temporary folder - to path '/srv/data/TeaPie/.teapie/cache/temp/MyDocuments-c4977856781fc45d5d97d2b5dd8e2813/.teapie/Shared/Scripts/Retrying.csx'
2025-07-21 13:08:39.620 +00:00 [DBG] [MyDocuments]> [13:08:39 VRB] Content of the script file at path '/srv/data/TeaPie/.teapie/Shared/Scripts/Directives.csx' was read in 0 ms
2025-07-21 13:08:39.620 +00:00 [DBG] [MyDocuments]> [13:08:39 VRB] Pre-process of the script at path '/srv/data/TeaPie/.teapie/Shared/Scripts/Directives.csx' started.
2025-07-21 13:08:39.623 +00:00 [DBG] [MyDocuments]> [13:08:39 INF]   CACHE https://api.nuget.org/v3/registration5-gz-semver2/newtonsoft.json/index.json
2025-07-21 13:08:39.636 +00:00 [DBG] [MyDocuments]> [13:08:39 INF]   GET https://api.nuget.org/v3-flatcontainer/newtonsoft.json/13.0.3/newtonsoft.json.13.0.3.nupkg
2025-07-21 13:08:39.636 +00:00 [DBG] [MyDocuments]> [13:08:39 VRB] Pre-process of the script at path '/srv/data/TeaPie/.teapie/Shared/Scripts/Directives.csx' finished in 15 ms.
2025-07-21 13:08:39.638 +00:00 [DBG] [Partners]> [13:08:39 INF]   CACHE https://api.nuget.org/v3/registration5-gz-semver2/microsoft.extensions.options/index.json
2025-07-21 13:08:39.638 +00:00 [DBG] [Partners]> [13:08:39 INF]   CACHE https://api.nuget.org/v3/registration5-gz-semver2/microsoft.extensions.options/page/3.1.24/9.0.0-rc.1.24431.7.json
2025-07-21 13:08:39.651 +00:00 [DBG] [Partners]> [13:08:39 VRB] NuGet Package Microsoft.Extensions.Http, 7.0.0 was successfully downloaded.
2025-07-21 13:08:39.651 +00:00 [DBG] [Partners]> [13:08:39 VRB] NuGet Package Microsoft.Extensions.Http, 7.0.0 was successfully addded to execution assembly.
2025-07-21 13:08:39.657 +00:00 [DBG] [MyDocuments]> [13:08:39 INF]   OK https://api.nuget.org/v3-flatcontainer/newtonsoft.json/13.0.3/newtonsoft.json.13.0.3.nupkg 20ms
2025-07-21 13:08:39.657 +00:00 [DBG] [Partners]> [13:08:39 VRB] Pre-processed script from path '/srv/data/TeaPie/.teapie/Shared/Scripts/Retrying.csx' was saved to temporary folder - to path '/srv/data/TeaPie/.teapie/cache/temp/Partners-01783b017de4378de8366cd5cc8d715b/.teapie/Shared/Scripts/Retrying.csx'
2025-07-21 13:08:39.661 +00:00 [DBG] [Partners]> [13:08:39 VRB] Content of the script file at path '/srv/data/TeaPie/.teapie/Shared/Scripts/Directives.csx' was read in 0 ms
2025-07-21 13:08:39.661 +00:00 [DBG] [Partners]> [13:08:39 VRB] Pre-process of the script at path '/srv/data/TeaPie/.teapie/Shared/Scripts/Directives.csx' started.
2025-07-21 13:08:39.663 +00:00 [DBG] [Partners]> [13:08:39 INF]   CACHE https://api.nuget.org/v3/registration5-gz-semver2/newtonsoft.json/index.json
2025-07-21 13:08:39.694 +00:00 [DBG] [Partners]> [13:08:39 INF]   GET https://api.nuget.org/v3-flatcontainer/newtonsoft.json/13.0.3/newtonsoft.json.13.0.3.nupkg
2025-07-21 13:08:39.733 +00:00 [DBG] [Partners]> [13:08:39 VRB] Pre-process of the script at path '/srv/data/TeaPie/.teapie/Shared/Scripts/Directives.csx' finished in 72 ms.
2025-07-21 13:08:39.981 +00:00 [DBG] [MyDocuments]> [13:08:39 INF] Installed Newtonsoft.Json 13.0.3 from https://api.nuget.org/v3/index.json to /srv/data/TeaPie/.teapie/cache/packages/newtonsoft.json/13.0.3 with content hash HrC5BXdl00IP9zeV+0Z848QWPAoCr9P3bDEZguI+gkLcBKAOxix/tLEAAHC+UvDNPv4a2d18lOReHMOagPa+zQ==.
2025-07-21 13:08:39.982 +00:00 [DBG] [MyDocuments]> [13:08:39 VRB] NuGet Package Newtonsoft.Json, 13.0.3 was successfully downloaded.
2025-07-21 13:08:39.982 +00:00 [DBG] [MyDocuments]> [13:08:39 VRB] NuGet Package Newtonsoft.Json, 13.0.3 was successfully addded to execution assembly.
2025-07-21 13:08:39.986 +00:00 [DBG] [MyDocuments]> [13:08:39 INF]   CACHE https://api.nuget.org/v3/registration5-gz-semver2/newtonsoft.json.schema/index.json
2025-07-21 13:08:40.004 +00:00 [DBG] [MyDocuments]> [13:08:40 INF]   CACHE https://api.nuget.org/v3/registration5-gz-semver2/newtonsoft.json/index.json
2025-07-21 13:08:40.029 +00:00 [DBG] [MyDocuments]> [13:08:40 INF]   GET https://api.nuget.org/v3-flatcontainer/newtonsoft.json.schema/4.0.1/newtonsoft.json.schema.4.0.1.nupkg
2025-07-21 13:08:40.082 +00:00 [DBG] [Partners]> [13:08:40 INF]   OK https://api.nuget.org/v3-flatcontainer/newtonsoft.json/13.0.3/newtonsoft.json.13.0.3.nupkg 382ms
2025-07-21 13:08:40.090 +00:00 [DBG] [MyDocuments]> [13:08:40 INF]   OK https://api.nuget.org/v3-flatcontainer/newtonsoft.json.schema/4.0.1/newtonsoft.json.schema.4.0.1.nupkg 60ms
2025-07-21 13:08:40.101 +00:00 [DBG] [Partners]> [13:08:40 VRB] NuGet Package Newtonsoft.Json, 13.0.3 was successfully downloaded.
2025-07-21 13:08:40.101 +00:00 [DBG] [Partners]> [13:08:40 VRB] NuGet Package Newtonsoft.Json, 13.0.3 was successfully addded to execution assembly.
2025-07-21 13:08:40.104 +00:00 [DBG] [Partners]> [13:08:40 INF]   CACHE https://api.nuget.org/v3/registration5-gz-semver2/newtonsoft.json.schema/index.json
2025-07-21 13:08:40.117 +00:00 [DBG] [Partners]> [13:08:40 INF]   CACHE https://api.nuget.org/v3/registration5-gz-semver2/newtonsoft.json/index.json
2025-07-21 13:08:40.139 +00:00 [DBG] [Partners]> [13:08:40 INF]   GET https://api.nuget.org/v3-flatcontainer/newtonsoft.json.schema/4.0.1/newtonsoft.json.schema.4.0.1.nupkg
2025-07-21 13:08:40.157 +00:00 [DBG] [MyDocuments]> [13:08:40 INF] Installed Newtonsoft.Json.Schema 4.0.1 from https://api.nuget.org/v3/index.json to /srv/data/TeaPie/.teapie/cache/packages/newtonsoft.json.schema/4.0.1 with content hash rbHUKp5WTIbqmLEeJ21nTTDGcfR0LA7bVMzm0bYc3yx6NFKiCIHzzvYbwA4Sqgs7+wNldc5nBlkbithWj8IZig==.
2025-07-21 13:08:40.157 +00:00 [DBG] [MyDocuments]> [13:08:40 VRB] NuGet Package Newtonsoft.Json.Schema, 4.0.1 was successfully downloaded.
2025-07-21 13:08:40.158 +00:00 [DBG] [MyDocuments]> [13:08:40 VRB] NuGet Package Newtonsoft.Json.Schema, 4.0.1 was successfully addded to execution assembly.
2025-07-21 13:08:40.159 +00:00 [DBG] [MyDocuments]> [13:08:40 VRB] Pre-processed script from path '/srv/data/TeaPie/.teapie/Shared/Scripts/Directives.csx' was saved to temporary folder - to path '/srv/data/TeaPie/.teapie/cache/temp/MyDocuments-c4977856781fc45d5d97d2b5dd8e2813/.teapie/Shared/Scripts/Directives.csx'
2025-07-21 13:08:40.159 +00:00 [DBG] [MyDocuments]> [13:08:40 VRB] Content of the script file at path '/srv/data/TeaPie/.teapie/Shared/Scripts/Auth.csx' was read in 0 ms
2025-07-21 13:08:40.159 +00:00 [DBG] [MyDocuments]> [13:08:40 VRB] Pre-process of the script at path '/srv/data/TeaPie/.teapie/Shared/Scripts/Auth.csx' started.
2025-07-21 13:08:40.159 +00:00 [DBG] [MyDocuments]> [13:08:40 VRB] Pre-process of the script at path '/srv/data/TeaPie/.teapie/Shared/Scripts/Auth.csx' finished in 0 ms.
2025-07-21 13:08:40.159 +00:00 [DBG] [MyDocuments]> [13:08:40 VRB] Pre-processed script from path '/srv/data/TeaPie/.teapie/Shared/Scripts/Auth.csx' was saved to temporary folder - to path '/srv/data/TeaPie/.teapie/cache/temp/MyDocuments-c4977856781fc45d5d97d2b5dd8e2813/.teapie/Shared/Scripts/Auth.csx'
2025-07-21 13:08:40.160 +00:00 [DBG] [MyDocuments]> [13:08:40 VRB] Pre-processed script from path 'MyDocuments/.teapie/init.csx' was saved to temporary folder - to path '/srv/data/TeaPie/.teapie/cache/temp/MyDocuments-c4977856781fc45d5d97d2b5dd8e2813/.teapie/init.csx'
2025-07-21 13:08:40.161 +00:00 [DBG] [MyDocuments]> [13:08:40 VRB] Compilation of the script at path 'MyDocuments/.teapie/init.csx' started.
2025-07-21 13:08:40.206 +00:00 [DBG] [Partners]> [13:08:40 INF]   OK https://api.nuget.org/v3-flatcontainer/newtonsoft.json.schema/4.0.1/newtonsoft.json.schema.4.0.1.nupkg 66ms
2025-07-21 13:08:40.207 +00:00 [DBG] [Partners]> [13:08:40 VRB] NuGet Package Newtonsoft.Json.Schema, 4.0.1 was successfully downloaded.
2025-07-21 13:08:40.208 +00:00 [DBG] [Partners]> [13:08:40 VRB] NuGet Package Newtonsoft.Json.Schema, 4.0.1 was successfully addded to execution assembly.
2025-07-21 13:08:40.209 +00:00 [DBG] [Partners]> [13:08:40 VRB] Pre-processed script from path '/srv/data/TeaPie/.teapie/Shared/Scripts/Directives.csx' was saved to temporary folder - to path '/srv/data/TeaPie/.teapie/cache/temp/Partners-01783b017de4378de8366cd5cc8d715b/.teapie/Shared/Scripts/Directives.csx'
2025-07-21 13:08:40.209 +00:00 [DBG] [Partners]> [13:08:40 VRB] Content of the script file at path '/srv/data/TeaPie/.teapie/Shared/Scripts/Auth.csx' was read in 0 ms
2025-07-21 13:08:40.209 +00:00 [DBG] [Partners]> [13:08:40 VRB] Pre-process of the script at path '/srv/data/TeaPie/.teapie/Shared/Scripts/Auth.csx' started.
2025-07-21 13:08:40.209 +00:00 [DBG] [Partners]> [13:08:40 VRB] Pre-process of the script at path '/srv/data/TeaPie/.teapie/Shared/Scripts/Auth.csx' finished in 0 ms.
2025-07-21 13:08:40.209 +00:00 [DBG] [Partners]> [13:08:40 VRB] Pre-processed script from path '/srv/data/TeaPie/.teapie/Shared/Scripts/Auth.csx' was saved to temporary folder - to path '/srv/data/TeaPie/.teapie/cache/temp/Partners-01783b017de4378de8366cd5cc8d715b/.teapie/Shared/Scripts/Auth.csx'
2025-07-21 13:08:40.210 +00:00 [DBG] [Partners]> [13:08:40 VRB] Pre-processed script from path 'Partners/.teapie/init.csx' was saved to temporary folder - to path '/srv/data/TeaPie/.teapie/cache/temp/Partners-01783b017de4378de8366cd5cc8d715b/.teapie/init.csx'
2025-07-21 13:08:40.211 +00:00 [DBG] [Partners]> [13:08:40 VRB] Compilation of the script at path 'Partners/.teapie/init.csx' started.
2025-07-21 13:08:41.116 +00:00 [INF] [TeaPieResult]: Writing reports start (Alive: "2025-07-21T13:08:40.2113787Z")
2025-07-21 13:08:41.117 +00:00 [INF] [TeaPieResult]: Writing reports to file /srv/data/TeaPie/reports/report.json (Alive: "2025-07-21T13:08:40.2113787Z")
2025-07-21 13:08:41.125 +00:00 [INF] [TeaPieResult]: Report written to file /srv/data/TeaPie/reports/report.json (Alive: "2025-07-21T13:08:40.2113787Z")
2025-07-21 13:08:42.580 +00:00 [DBG] [Partners]> [13:08:42 VRB] Compilation of the script at path 'Partners/.teapie/init.csx' finished successfully in 2.37 s.
2025-07-21 13:08:42.581 +00:00 [DBG] [Partners]> [13:08:42 VRB] Execution of the User-defined script at path 'Partners/.teapie/init.csx' started.
2025-07-21 13:08:42.595 +00:00 [DBG] [Partners]> [13:08:42 ERR] Exception was thrown during execution of 'Execute Script Step'. Error message: Unable to create OAuth2 options, because 'AuthUrl' is required parameter.
2025-07-21 13:08:42.603 +00:00 [DBG] [Partners]> [13:08:42 DBG] Stack trace:    at TeaPie.Http.Auth.OAuth2.OAuth2OptionsBuilder.CheckRequiredParameters() in /home/runner/work/TeaPie/TeaPie/src/TeaPie/Http/Auth/OAuth2/OAuth2OptionsBuilder.cs:line 137
2025-07-21 13:08:42.604 +00:00 [DBG] [Partners]>    at TeaPie.Http.Auth.OAuth2.OAuth2OptionsBuilder.Build() in /home/runner/work/TeaPie/TeaPie/src/TeaPie/Http/Auth/OAuth2/OAuth2OptionsBuilder.cs:line 119
2025-07-21 13:08:42.604 +00:00 [DBG] [Partners]>    at Submission#0.AddAuthentication()
2025-07-21 13:08:42.604 +00:00 [DBG] [Partners]>    at Submission#0.<<Initialize>>d__0.MoveNext()
2025-07-21 13:08:42.604 +00:00 [DBG] [Partners]> --- End of stack trace from previous location ---
2025-07-21 13:08:42.604 +00:00 [DBG] [Partners]>    at Microsoft.CodeAnalysis.Scripting.ScriptExecutionState.RunSubmissionsAsync[TResult](ImmutableArray`1 precedingExecutors, Func`2 currentExecutor, StrongBox`1 exceptionHolderOpt, Func`2 catchExceptionOpt, CancellationToken cancellationToken)
2025-07-21 13:08:42.604 +00:00 [DBG] [Partners]>    at Microsoft.CodeAnalysis.Scripting.Script`1.RunSubmissionsAsync(ScriptExecutionState executionState, ImmutableArray`1 precedingExecutors, Func`2 currentExecutor, Func`2 catchExceptionOpt, CancellationToken cancellationToken)
2025-07-21 13:08:42.604 +00:00 [DBG] [Partners]>    at TeaPie.Scripts.ExecuteScriptStep.<>c__DisplayClass4_0.<<ExecuteAndLog>b__0>d.MoveNext() in /home/runner/work/TeaPie/TeaPie/src/TeaPie/Scripts/ExecuteScriptStep.cs:line 36
2025-07-21 13:08:42.604 +00:00 [DBG] [Partners]> --- End of stack trace from previous location ---
2025-07-21 13:08:42.604 +00:00 [DBG] [Partners]>    at TeaPie.Logging.Timer.Execute[T](Func`1 asyncFunction, Action`1 log) in /home/runner/work/TeaPie/TeaPie/src/TeaPie/Logging/Timer.cs:line 11
2025-07-21 13:08:42.604 +00:00 [DBG] [Partners]>    at TeaPie.Scripts.ExecuteScriptStep.ExecuteAndLog(ApplicationContext context, ScriptExecutionContext scriptExecutionContext, Script`1 script, CancellationToken cancellationToken) in /home/runner/work/TeaPie/TeaPie/src/TeaPie/Scripts/ExecuteScriptStep.cs:line 35
2025-07-21 13:08:42.604 +00:00 [DBG] [Partners]>    at TeaPie.Scripts.ExecuteScriptStep.ExecuteScript(ApplicationContext context, ScriptExecutionContext scriptExecutionContext, Script`1 script, CancellationToken cancellationToken) in /home/runner/work/TeaPie/TeaPie/src/TeaPie/Scripts/ExecuteScriptStep.cs:line 27
2025-07-21 13:08:42.604 +00:00 [DBG] [Partners]>    at TeaPie.Scripts.ExecuteScriptStep.Execute(ApplicationContext context, CancellationToken cancellationToken) in /home/runner/work/TeaPie/TeaPie/src/TeaPie/Scripts/ExecuteScriptStep.cs:line 17
2025-07-21 13:08:42.604 +00:00 [DBG] [Partners]>    at TeaPie.ApplicationPipeline.ExecuteStep(IPipelineStep step, ApplicationContext context, CancellationToken cancellationToken) in /home/runner/work/TeaPie/TeaPie/src/TeaPie/ApplicationPipeline.cs:line 92
2025-07-21 13:08:42.629 +00:00 [DBG] [Partners]> ╭──────────────────────────────────────────────────────────────────────────────╮
2025-07-21 13:08:42.629 +00:00 [DBG] [Partners]> │ Test Results: NO TESTS PERFORMED                                             │
2025-07-21 13:08:42.629 +00:00 [DBG] [Partners]> ╰──────────────────────────────────────────────────────────────────────────────╯
2025-07-21 13:08:42.644 +00:00 [DBG] [MyDocuments]> [13:08:42 VRB] Compilation of the script at path 'MyDocuments/.teapie/init.csx' finished successfully in 2.48 s.
2025-07-21 13:08:42.645 +00:00 [DBG] [MyDocuments]> [13:08:42 VRB] Execution of the User-defined script at path 'MyDocuments/.teapie/init.csx' started.
2025-07-21 13:08:42.651 +00:00 [DBG] [Partners]> [13:08:42 DBG] Variables from current run were saved to file.
2025-07-21 13:08:42.654 +00:00 [DBG] [Partners]> [13:08:42 ERR] 'Execute Script Step' caused premature termination of application run after 3.66 s (exit code 1).
2025-07-21 13:08:42.654 +00:00 [DBG] [Partners]> Reason: Application Error
2025-07-21 13:08:42.654 +00:00 [DBG] [Partners]> Details: Unable to create OAuth2 options, because 'AuthUrl' is required parameter.
2025-07-21 13:08:42.658 +00:00 [DBG] [MyDocuments]> [13:08:42 ERR] Exception was thrown during execution of 'Execute Script Step'. Error message: Unable to create OAuth2 options, because 'AuthUrl' is required parameter.
2025-07-21 13:08:42.665 +00:00 [DBG] [MyDocuments]> [13:08:42 DBG] Stack trace:    at TeaPie.Http.Auth.OAuth2.OAuth2OptionsBuilder.CheckRequiredParameters() in /home/runner/work/TeaPie/TeaPie/src/TeaPie/Http/Auth/OAuth2/OAuth2OptionsBuilder.cs:line 137
2025-07-21 13:08:42.665 +00:00 [DBG] [MyDocuments]>    at TeaPie.Http.Auth.OAuth2.OAuth2OptionsBuilder.Build() in /home/runner/work/TeaPie/TeaPie/src/TeaPie/Http/Auth/OAuth2/OAuth2OptionsBuilder.cs:line 119
2025-07-21 13:08:42.665 +00:00 [DBG] [MyDocuments]>    at Submission#0.AddAuthentication()
2025-07-21 13:08:42.665 +00:00 [DBG] [MyDocuments]>    at Submission#0.<<Initialize>>d__0.MoveNext()
2025-07-21 13:08:42.665 +00:00 [DBG] [MyDocuments]> --- End of stack trace from previous location ---
2025-07-21 13:08:42.665 +00:00 [DBG] [MyDocuments]>    at Microsoft.CodeAnalysis.Scripting.ScriptExecutionState.RunSubmissionsAsync[TResult](ImmutableArray`1 precedingExecutors, Func`2 currentExecutor, StrongBox`1 exceptionHolderOpt, Func`2 catchExceptionOpt, CancellationToken cancellationToken)
2025-07-21 13:08:42.665 +00:00 [DBG] [MyDocuments]>    at Microsoft.CodeAnalysis.Scripting.Script`1.RunSubmissionsAsync(ScriptExecutionState executionState, ImmutableArray`1 precedingExecutors, Func`2 currentExecutor, Func`2 catchExceptionOpt, CancellationToken cancellationToken)
2025-07-21 13:08:42.665 +00:00 [DBG] [MyDocuments]>    at TeaPie.Scripts.ExecuteScriptStep.<>c__DisplayClass4_0.<<ExecuteAndLog>b__0>d.MoveNext() in /home/runner/work/TeaPie/TeaPie/src/TeaPie/Scripts/ExecuteScriptStep.cs:line 36
2025-07-21 13:08:42.665 +00:00 [DBG] [MyDocuments]> --- End of stack trace from previous location ---
2025-07-21 13:08:42.665 +00:00 [DBG] [MyDocuments]>    at TeaPie.Logging.Timer.Execute[T](Func`1 asyncFunction, Action`1 log) in /home/runner/work/TeaPie/TeaPie/src/TeaPie/Logging/Timer.cs:line 11
2025-07-21 13:08:42.665 +00:00 [DBG] [MyDocuments]>    at TeaPie.Scripts.ExecuteScriptStep.ExecuteAndLog(ApplicationContext context, ScriptExecutionContext scriptExecutionContext, Script`1 script, CancellationToken cancellationToken) in /home/runner/work/TeaPie/TeaPie/src/TeaPie/Scripts/ExecuteScriptStep.cs:line 35
2025-07-21 13:08:42.665 +00:00 [DBG] [MyDocuments]>    at TeaPie.Scripts.ExecuteScriptStep.ExecuteScript(ApplicationContext context, ScriptExecutionContext scriptExecutionContext, Script`1 script, CancellationToken cancellationToken) in /home/runner/work/TeaPie/TeaPie/src/TeaPie/Scripts/ExecuteScriptStep.cs:line 27
2025-07-21 13:08:42.665 +00:00 [DBG] [MyDocuments]>    at TeaPie.Scripts.ExecuteScriptStep.Execute(ApplicationContext context, CancellationToken cancellationToken) in /home/runner/work/TeaPie/TeaPie/src/TeaPie/Scripts/ExecuteScriptStep.cs:line 17
2025-07-21 13:08:42.665 +00:00 [DBG] [MyDocuments]>    at TeaPie.ApplicationPipeline.ExecuteStep(IPipelineStep step, ApplicationContext context, CancellationToken cancellationToken) in /home/runner/work/TeaPie/TeaPie/src/TeaPie/ApplicationPipeline.cs:line 92
2025-07-21 13:08:42.692 +00:00 [DBG] [MyDocuments]> ╭──────────────────────────────────────────────────────────────────────────────╮
2025-07-21 13:08:42.692 +00:00 [DBG] [MyDocuments]> │ Test Results: NO TESTS PERFORMED                                             │
2025-07-21 13:08:42.692 +00:00 [DBG] [MyDocuments]> ╰──────────────────────────────────────────────────────────────────────────────╯
2025-07-21 13:08:42.709 +00:00 [DBG] [MyDocuments]> [13:08:42 DBG] Variables from current run were saved to file.
2025-07-21 13:08:42.712 +00:00 [DBG] [MyDocuments]> [13:08:42 ERR] 'Execute Script Step' caused premature termination of application run after 5.71 s (exit code 1).
2025-07-21 13:08:42.712 +00:00 [DBG] [MyDocuments]> Reason: Application Error
2025-07-21 13:08:42.712 +00:00 [DBG] [MyDocuments]> Details: Unable to create OAuth2 options, because 'AuthUrl' is required parameter.
2025-07-21 13:08:42.737 +00:00 [INF] Retrying failed postman collections: /srv/data/TeaPie/tests/MyDocuments,/srv/data/TeaPie/tests/Partners
2025-07-21 13:08:42.737 +00:00 [INF] [MyDocuments]> Wait "00:00:02" before collection run.
2025-07-21 13:08:44.738 +00:00 [INF] [MyDocuments]> Start running TeaPie tests.
2025-07-21 13:08:44.738 +00:00 [DBG] teapie test /srv/data/TeaPie/tests/MyDocuments --report-file /srv/data/TeaPie/reports/junit/MyDocuments-2025-07-21-13-08-44-7383-testresults.xml --environment docker-aks --log-file /srv/data/logs-.log
2025-07-21 13:08:44.739 +00:00 [INF] [MyDocuments]> Process started; ID: 754
2025-07-21 13:08:44.740 +00:00 [INF] [Partners]> Wait "00:00:02" before collection run.
2025-07-21 13:08:44.940 +00:00 [DBG] [MyDocuments]>   _____                 ___   _           _       ___       _               
2025-07-21 13:08:44.940 +00:00 [DBG] [MyDocuments]>  |_   _|  ___   __ _   | _ \ (_)  ___    / |     |_  )     / |              
2025-07-21 13:08:44.940 +00:00 [DBG] [MyDocuments]>    | |   / -_) / _` |  |  _/ | | / -_)   | |  _   / /   _  | |              
2025-07-21 13:08:44.940 +00:00 [DBG] [MyDocuments]>    |_|   \___| \__,_|  |_|   |_| \___|   |_| (_) /___| (_) |_|              
2025-07-21 13:08:44.940 +00:00 [DBG] [MyDocuments]>                                                                             
2025-07-21 13:08:45.154 +00:00 [DBG] [MyDocuments]> [13:08:45 INF] Exploration of the collection started at path: '/srv/data/TeaPie/tests/MyDocuments'.
2025-07-21 13:08:45.170 +00:00 [DBG] [MyDocuments]> [13:08:45 INF] Collection explored in 6 ms, found 10 test cases.
2025-07-21 13:08:45.212 +00:00 [DBG] [MyDocuments]> [13:08:45 INF] Running on docker-aks environment.
2025-07-21 13:08:46.741 +00:00 [INF] [Partners]> Start running TeaPie tests.
2025-07-21 13:08:46.741 +00:00 [DBG] teapie test /srv/data/TeaPie/tests/Partners --report-file /srv/data/TeaPie/reports/junit/Partners-2025-07-21-13-08-46-7415-testresults.xml --environment docker-aks --log-file /srv/data/logs-.log
2025-07-21 13:08:46.743 +00:00 [INF] [Partners]> Process started; ID: 772
2025-07-21 13:08:46.992 +00:00 [DBG] [Partners]>   _____                 ___   _           _       ___       _               
2025-07-21 13:08:46.992 +00:00 [DBG] [Partners]>  |_   _|  ___   __ _   | _ \ (_)  ___    / |     |_  )     / |              
2025-07-21 13:08:46.992 +00:00 [DBG] [Partners]>    | |   / -_) / _` |  |  _/ | | / -_)   | |  _   / /   _  | |              
2025-07-21 13:08:46.992 +00:00 [DBG] [Partners]>    |_|   \___| \__,_|  |_|   |_| \___|   |_| (_) /___| (_) |_|              
2025-07-21 13:08:46.992 +00:00 [DBG] [Partners]>                                                                             
2025-07-21 13:08:47.244 +00:00 [DBG] [Partners]> [13:08:47 INF] Exploration of the collection started at path: '/srv/data/TeaPie/tests/Partners'.
2025-07-21 13:08:47.266 +00:00 [DBG] [Partners]> [13:08:47 INF] Collection explored in 11 ms, found 96 test cases.
2025-07-21 13:08:47.317 +00:00 [DBG] [Partners]> [13:08:47 INF] Running on docker-aks environment.
2025-07-21 13:08:48.024 +00:00 [DBG] [MyDocuments]> [13:08:48 ERR] Exception was thrown during execution of 'Execute Script Step'. Error message: Unable to create OAuth2 options, because 'AuthUrl' is required parameter.
2025-07-21 13:08:48.067 +00:00 [DBG] [MyDocuments]> ╭──────────────────────────────────────────────────────────────────────────────╮
2025-07-21 13:08:48.067 +00:00 [DBG] [MyDocuments]> │ Test Results: NO TESTS PERFORMED                                             │
2025-07-21 13:08:48.067 +00:00 [DBG] [MyDocuments]> ╰──────────────────────────────────────────────────────────────────────────────╯
2025-07-21 13:08:48.089 +00:00 [DBG] [MyDocuments]> [13:08:48 ERR] 'Execute Script Step' caused premature termination of application run after 2.97 s (exit code 1).
2025-07-21 13:08:48.089 +00:00 [DBG] [MyDocuments]> Reason: Application Error
2025-07-21 13:08:48.089 +00:00 [DBG] [MyDocuments]> Details: Unable to create OAuth2 options, because 'AuthUrl' is required parameter.
2025-07-21 13:08:48.111 +00:00 [WRN] Attempt to retry.
2025-07-21 13:08:48.116 +00:00 [INF] [TeaPieResult]: Writing reports start (Alive: "2025-07-21T13:08:48.0896102Z")
2025-07-21 13:08:48.116 +00:00 [INF] [TeaPieResult]: Writing reports to file /srv/data/TeaPie/reports/report.json (Alive: "2025-07-21T13:08:48.0896102Z")
2025-07-21 13:08:48.117 +00:00 [INF] [TeaPieResult]: Report written to file /srv/data/TeaPie/reports/report.json (Alive: "2025-07-21T13:08:48.0896102Z")
2025-07-21 13:08:50.113 +00:00 [INF] [MyDocuments]> Start running TeaPie tests.
2025-07-21 13:08:50.113 +00:00 [DBG] teapie test /srv/data/TeaPie/tests/MyDocuments --report-file /srv/data/TeaPie/reports/junit/MyDocuments-2025-07-21-13-08-50-1137-testresults.xml --environment docker-aks --log-file /srv/data/logs-.log
2025-07-21 13:08:50.115 +00:00 [INF] [MyDocuments]> Process started; ID: 790
2025-07-21 13:08:50.146 +00:00 [DBG] [Partners]> [13:08:50 ERR] Exception was thrown during execution of 'Execute Script Step'. Error message: Unable to create OAuth2 options, because 'AuthUrl' is required parameter.
2025-07-21 13:08:50.177 +00:00 [DBG] [Partners]> ╭──────────────────────────────────────────────────────────────────────────────╮
2025-07-21 13:08:50.177 +00:00 [DBG] [Partners]> │ Test Results: NO TESTS PERFORMED                                             │
2025-07-21 13:08:50.177 +00:00 [DBG] [Partners]> ╰──────────────────────────────────────────────────────────────────────────────╯
2025-07-21 13:08:50.199 +00:00 [DBG] [Partners]> [13:08:50 ERR] 'Execute Script Step' caused premature termination of application run after 3.00 s (exit code 1).
2025-07-21 13:08:50.199 +00:00 [DBG] [Partners]> Reason: Application Error
2025-07-21 13:08:50.199 +00:00 [DBG] [Partners]> Details: Unable to create OAuth2 options, because 'AuthUrl' is required parameter.
2025-07-21 13:08:50.222 +00:00 [WRN] Attempt to retry.
2025-07-21 13:08:50.315 +00:00 [DBG] [MyDocuments]>   _____                 ___   _           _       ___       _               
2025-07-21 13:08:50.315 +00:00 [DBG] [MyDocuments]>  |_   _|  ___   __ _   | _ \ (_)  ___    / |     |_  )     / |              
2025-07-21 13:08:50.315 +00:00 [DBG] [MyDocuments]>    | |   / -_) / _` |  |  _/ | | / -_)   | |  _   / /   _  | |              
2025-07-21 13:08:50.315 +00:00 [DBG] [MyDocuments]>    |_|   \___| \__,_|  |_|   |_| \___|   |_| (_) /___| (_) |_|              
2025-07-21 13:08:50.315 +00:00 [DBG] [MyDocuments]>                                                                             
2025-07-21 13:08:50.546 +00:00 [DBG] [MyDocuments]> [13:08:50 INF] Exploration of the collection started at path: '/srv/data/TeaPie/tests/MyDocuments'.
2025-07-21 13:08:50.562 +00:00 [DBG] [MyDocuments]> [13:08:50 INF] Collection explored in 6 ms, found 10 test cases.
2025-07-21 13:08:50.603 +00:00 [DBG] [MyDocuments]> [13:08:50 INF] Running on docker-aks environment.
2025-07-21 13:08:52.222 +00:00 [INF] [Partners]> Start running TeaPie tests.
2025-07-21 13:08:52.222 +00:00 [DBG] teapie test /srv/data/TeaPie/tests/Partners --report-file /srv/data/TeaPie/reports/junit/Partners-2025-07-21-13-08-52-2228-testresults.xml --environment docker-aks --log-file /srv/data/logs-.log
2025-07-21 13:08:52.224 +00:00 [INF] [Partners]> Process started; ID: 808
2025-07-21 13:08:52.442 +00:00 [DBG] [Partners]>   _____                 ___   _           _       ___       _               
2025-07-21 13:08:52.442 +00:00 [DBG] [Partners]>  |_   _|  ___   __ _   | _ \ (_)  ___    / |     |_  )     / |              
2025-07-21 13:08:52.442 +00:00 [DBG] [Partners]>    | |   / -_) / _` |  |  _/ | | / -_)   | |  _   / /   _  | |              
2025-07-21 13:08:52.442 +00:00 [DBG] [Partners]>    |_|   \___| \__,_|  |_|   |_| \___|   |_| (_) /___| (_) |_|              
2025-07-21 13:08:52.442 +00:00 [DBG] [Partners]>                                                                             
2025-07-21 13:08:52.663 +00:00 [DBG] [Partners]> [13:08:52 INF] Exploration of the collection started at path: '/srv/data/TeaPie/tests/Partners'.
2025-07-21 13:08:52.682 +00:00 [DBG] [Partners]> [13:08:52 INF] Collection explored in 9 ms, found 96 test cases.
2025-07-21 13:08:52.728 +00:00 [DBG] [Partners]> [13:08:52 INF] Running on docker-aks environment.
2025-07-21 13:08:53.368 +00:00 [DBG] [MyDocuments]> [13:08:53 ERR] Exception was thrown during execution of 'Execute Script Step'. Error message: Unable to create OAuth2 options, because 'AuthUrl' is required parameter.
2025-07-21 13:08:53.398 +00:00 [DBG] [MyDocuments]> ╭──────────────────────────────────────────────────────────────────────────────╮
2025-07-21 13:08:53.398 +00:00 [DBG] [MyDocuments]> │ Test Results: NO TESTS PERFORMED                                             │
2025-07-21 13:08:53.398 +00:00 [DBG] [MyDocuments]> ╰──────────────────────────────────────────────────────────────────────────────╯
2025-07-21 13:08:53.420 +00:00 [DBG] [MyDocuments]> [13:08:53 ERR] 'Execute Script Step' caused premature termination of application run after 2.91 s (exit code 1).
2025-07-21 13:08:53.420 +00:00 [DBG] [MyDocuments]> Reason: Application Error
2025-07-21 13:08:53.420 +00:00 [DBG] [MyDocuments]> Details: Unable to create OAuth2 options, because 'AuthUrl' is required parameter.
2025-07-21 13:08:53.446 +00:00 [WRN] Attempt to retry.
2025-07-21 13:08:55.115 +00:00 [INF] [TeaPieResult]: Writing reports start (Alive: "2025-07-21T13:08:53.4207002Z")
2025-07-21 13:08:55.115 +00:00 [INF] [TeaPieResult]: Writing reports to file /srv/data/TeaPie/reports/report.json (Alive: "2025-07-21T13:08:53.4207002Z")
2025-07-21 13:08:55.115 +00:00 [INF] [TeaPieResult]: Report written to file /srv/data/TeaPie/reports/report.json (Alive: "2025-07-21T13:08:53.4207002Z")
2025-07-21 13:08:55.447 +00:00 [INF] [MyDocuments]> Start running TeaPie tests.
2025-07-21 13:08:55.447 +00:00 [DBG] teapie test /srv/data/TeaPie/tests/MyDocuments --report-file /srv/data/TeaPie/reports/junit/MyDocuments-2025-07-21-13-08-55-4478-testresults.xml --environment docker-aks --log-file /srv/data/logs-.log
2025-07-21 13:08:55.449 +00:00 [INF] [MyDocuments]> Process started; ID: 832
2025-07-21 13:08:55.654 +00:00 [DBG] [MyDocuments]>   _____                 ___   _           _       ___       _               
2025-07-21 13:08:55.654 +00:00 [DBG] [MyDocuments]>  |_   _|  ___   __ _   | _ \ (_)  ___    / |     |_  )     / |              
2025-07-21 13:08:55.654 +00:00 [DBG] [MyDocuments]>    | |   / -_) / _` |  |  _/ | | / -_)   | |  _   / /   _  | |              
2025-07-21 13:08:55.654 +00:00 [DBG] [MyDocuments]>    |_|   \___| \__,_|  |_|   |_| \___|   |_| (_) /___| (_) |_|              
2025-07-21 13:08:55.654 +00:00 [DBG] [MyDocuments]>                                                                             
2025-07-21 13:08:55.665 +00:00 [DBG] [Partners]> [13:08:55 ERR] Exception was thrown during execution of 'Execute Script Step'. Error message: Unable to create OAuth2 options, because 'AuthUrl' is required parameter.
2025-07-21 13:08:55.697 +00:00 [DBG] [Partners]> ╭──────────────────────────────────────────────────────────────────────────────╮
2025-07-21 13:08:55.697 +00:00 [DBG] [Partners]> │ Test Results: NO TESTS PERFORMED                                             │
2025-07-21 13:08:55.697 +00:00 [DBG] [Partners]> ╰──────────────────────────────────────────────────────────────────────────────╯
2025-07-21 13:08:55.719 +00:00 [DBG] [Partners]> [13:08:55 ERR] 'Execute Script Step' caused premature termination of application run after 3.09 s (exit code 1).
2025-07-21 13:08:55.719 +00:00 [DBG] [Partners]> Reason: Application Error
2025-07-21 13:08:55.719 +00:00 [DBG] [Partners]> Details: Unable to create OAuth2 options, because 'AuthUrl' is required parameter.
2025-07-21 13:08:55.741 +00:00 [WRN] Attempt to retry.
2025-07-21 13:08:55.899 +00:00 [DBG] [MyDocuments]> [13:08:55 INF] Exploration of the collection started at path: '/srv/data/TeaPie/tests/MyDocuments'.
2025-07-21 13:08:55.918 +00:00 [DBG] [MyDocuments]> [13:08:55 INF] Collection explored in 8 ms, found 10 test cases.
2025-07-21 13:08:55.968 +00:00 [DBG] [MyDocuments]> [13:08:55 INF] Running on docker-aks environment.
2025-07-21 13:08:57.741 +00:00 [INF] [Partners]> Start running TeaPie tests.
2025-07-21 13:08:57.747 +00:00 [DBG] teapie test /srv/data/TeaPie/tests/Partners --report-file /srv/data/TeaPie/reports/junit/Partners-2025-07-21-13-08-57-7475-testresults.xml --environment docker-aks --log-file /srv/data/logs-.log
2025-07-21 13:08:57.749 +00:00 [INF] [Partners]> Process started; ID: 850
2025-07-21 13:08:57.959 +00:00 [DBG] [Partners]>   _____                 ___   _           _       ___       _               
2025-07-21 13:08:57.959 +00:00 [DBG] [Partners]>  |_   _|  ___   __ _   | _ \ (_)  ___    / |     |_  )     / |              
2025-07-21 13:08:57.959 +00:00 [DBG] [Partners]>    | |   / -_) / _` |  |  _/ | | / -_)   | |  _   / /   _  | |              
2025-07-21 13:08:57.959 +00:00 [DBG] [Partners]>    |_|   \___| \__,_|  |_|   |_| \___|   |_| (_) /___| (_) |_|              
2025-07-21 13:08:57.959 +00:00 [DBG] [Partners]>                                                                             
2025-07-21 13:08:58.208 +00:00 [DBG] [Partners]> [13:08:58 INF] Exploration of the collection started at path: '/srv/data/TeaPie/tests/Partners'.
2025-07-21 13:08:58.233 +00:00 [DBG] [Partners]> [13:08:58 INF] Collection explored in 12 ms, found 96 test cases.
2025-07-21 13:08:58.284 +00:00 [DBG] [Partners]> [13:08:58 INF] Running on docker-aks environment.
2025-07-21 13:08:58.737 +00:00 [DBG] [MyDocuments]> [13:08:58 ERR] Exception was thrown during execution of 'Execute Script Step'. Error message: Unable to create OAuth2 options, because 'AuthUrl' is required parameter.
2025-07-21 13:08:58.770 +00:00 [DBG] [MyDocuments]> ╭──────────────────────────────────────────────────────────────────────────────╮
2025-07-21 13:08:58.770 +00:00 [DBG] [MyDocuments]> │ Test Results: NO TESTS PERFORMED                                             │
2025-07-21 13:08:58.770 +00:00 [DBG] [MyDocuments]> ╰──────────────────────────────────────────────────────────────────────────────╯
2025-07-21 13:08:58.794 +00:00 [DBG] [MyDocuments]> [13:08:58 ERR] 'Execute Script Step' caused premature termination of application run after 2.94 s (exit code 1).
2025-07-21 13:08:58.794 +00:00 [DBG] [MyDocuments]> Reason: Application Error
2025-07-21 13:08:58.794 +00:00 [DBG] [MyDocuments]> Details: Unable to create OAuth2 options, because 'AuthUrl' is required parameter.
2025-07-21 13:08:58.815 +00:00 [WRN] Attempt to retry.
2025-07-21 13:09:00.815 +00:00 [INF] [MyDocuments]> Start running TeaPie tests.
2025-07-21 13:09:00.816 +00:00 [DBG] teapie test /srv/data/TeaPie/tests/MyDocuments --report-file /srv/data/TeaPie/reports/junit/MyDocuments-2025-07-21-13-09-00-8160-testresults.xml --environment docker-aks --log-file /srv/data/logs-.log
2025-07-21 13:09:00.817 +00:00 [INF] [MyDocuments]> Process started; ID: 868
2025-07-21 13:09:01.017 +00:00 [DBG] [MyDocuments]>   _____                 ___   _           _       ___       _               
2025-07-21 13:09:01.017 +00:00 [DBG] [MyDocuments]>  |_   _|  ___   __ _   | _ \ (_)  ___    / |     |_  )     / |              
2025-07-21 13:09:01.017 +00:00 [DBG] [MyDocuments]>    | |   / -_) / _` |  |  _/ | | / -_)   | |  _   / /   _  | |              
2025-07-21 13:09:01.017 +00:00 [DBG] [MyDocuments]>    |_|   \___| \__,_|  |_|   |_| \___|   |_| (_) /___| (_) |_|              
2025-07-21 13:09:01.017 +00:00 [DBG] [MyDocuments]>                                                                             
2025-07-21 13:09:01.129 +00:00 [DBG] [Partners]> [13:09:01 ERR] Exception was thrown during execution of 'Execute Script Step'. Error message: Unable to create OAuth2 options, because 'AuthUrl' is required parameter.
2025-07-21 13:09:01.159 +00:00 [DBG] [Partners]> ╭──────────────────────────────────────────────────────────────────────────────╮
2025-07-21 13:09:01.159 +00:00 [DBG] [Partners]> │ Test Results: NO TESTS PERFORMED                                             │
2025-07-21 13:09:01.159 +00:00 [DBG] [Partners]> ╰──────────────────────────────────────────────────────────────────────────────╯
2025-07-21 13:09:01.182 +00:00 [DBG] [Partners]> [13:09:01 ERR] 'Execute Script Step' caused premature termination of application run after 3.01 s (exit code 1).
2025-07-21 13:09:01.182 +00:00 [DBG] [Partners]> Reason: Application Error
2025-07-21 13:09:01.182 +00:00 [DBG] [Partners]> Details: Unable to create OAuth2 options, because 'AuthUrl' is required parameter.
2025-07-21 13:09:01.203 +00:00 [WRN] Attempt to retry.
2025-07-21 13:09:01.244 +00:00 [DBG] [MyDocuments]> [13:09:01 INF] Exploration of the collection started at path: '/srv/data/TeaPie/tests/MyDocuments'.
2025-07-21 13:09:01.262 +00:00 [DBG] [MyDocuments]> [13:09:01 INF] Collection explored in 7 ms, found 10 test cases.
2025-07-21 13:09:01.308 +00:00 [DBG] [MyDocuments]> [13:09:01 INF] Running on docker-aks environment.
2025-07-21 13:09:02.116 +00:00 [INF] [TeaPieResult]: Writing reports start (Alive: "2025-07-21T13:09:01.3082781Z")
2025-07-21 13:09:02.116 +00:00 [INF] [TeaPieResult]: Writing reports to file /srv/data/TeaPie/reports/report.json (Alive: "2025-07-21T13:09:01.3082781Z")
2025-07-21 13:09:02.116 +00:00 [INF] [TeaPieResult]: Report written to file /srv/data/TeaPie/reports/report.json (Alive: "2025-07-21T13:09:01.3082781Z")
2025-07-21 13:09:03.205 +00:00 [INF] [Partners]> Start running TeaPie tests.
2025-07-21 13:09:03.205 +00:00 [DBG] teapie test /srv/data/TeaPie/tests/Partners --report-file /srv/data/TeaPie/reports/junit/Partners-2025-07-21-13-09-03-2051-testresults.xml --environment docker-aks --log-file /srv/data/logs-.log
2025-07-21 13:09:03.206 +00:00 [INF] [Partners]> Process started; ID: 886
2025-07-21 13:09:03.412 +00:00 [DBG] [Partners]>   _____                 ___   _           _       ___       _               
2025-07-21 13:09:03.412 +00:00 [DBG] [Partners]>  |_   _|  ___   __ _   | _ \ (_)  ___    / |     |_  )     / |              
2025-07-21 13:09:03.412 +00:00 [DBG] [Partners]>    | |   / -_) / _` |  |  _/ | | / -_)   | |  _   / /   _  | |              
2025-07-21 13:09:03.412 +00:00 [DBG] [Partners]>    |_|   \___| \__,_|  |_|   |_| \___|   |_| (_) /___| (_) |_|              
2025-07-21 13:09:03.412 +00:00 [DBG] [Partners]>                                                                             
2025-07-21 13:09:03.635 +00:00 [DBG] [Partners]> [13:09:03 INF] Exploration of the collection started at path: '/srv/data/TeaPie/tests/Partners'.
2025-07-21 13:09:03.658 +00:00 [DBG] [Partners]> [13:09:03 INF] Collection explored in 12 ms, found 96 test cases.
2025-07-21 13:09:03.709 +00:00 [DBG] [Partners]> [13:09:03 INF] Running on docker-aks environment.
2025-07-21 13:09:04.083 +00:00 [DBG] [MyDocuments]> [13:09:04 ERR] Exception was thrown during execution of 'Execute Script Step'. Error message: Unable to create OAuth2 options, because 'AuthUrl' is required parameter.
2025-07-21 13:09:04.119 +00:00 [DBG] [MyDocuments]> ╭──────────────────────────────────────────────────────────────────────────────╮
2025-07-21 13:09:04.119 +00:00 [DBG] [MyDocuments]> │ Test Results: NO TESTS PERFORMED                                             │
2025-07-21 13:09:04.119 +00:00 [DBG] [MyDocuments]> ╰──────────────────────────────────────────────────────────────────────────────╯
2025-07-21 13:09:04.146 +00:00 [DBG] [MyDocuments]> [13:09:04 ERR] 'Execute Script Step' caused premature termination of application run after 2.94 s (exit code 1).
2025-07-21 13:09:04.146 +00:00 [DBG] [MyDocuments]> Reason: Application Error
2025-07-21 13:09:04.146 +00:00 [DBG] [MyDocuments]> Details: Unable to create OAuth2 options, because 'AuthUrl' is required parameter.
2025-07-21 13:09:04.168 +00:00 [WRN] Attempt to retry.
2025-07-21 13:09:06.168 +00:00 [INF] [MyDocuments]> Start running TeaPie tests.
2025-07-21 13:09:06.169 +00:00 [DBG] teapie test /srv/data/TeaPie/tests/MyDocuments --report-file /srv/data/TeaPie/reports/junit/MyDocuments-2025-07-21-13-09-06-1691-testresults.xml --environment docker-aks --log-file /srv/data/logs-.log --verbose
2025-07-21 13:09:06.170 +00:00 [INF] [MyDocuments]> Process started; ID: 910
2025-07-21 13:09:06.404 +00:00 [DBG] [MyDocuments]>   _____                 ___   _           _       ___       _               
2025-07-21 13:09:06.404 +00:00 [DBG] [MyDocuments]>  |_   _|  ___   __ _   | _ \ (_)  ___    / |     |_  )     / |              
2025-07-21 13:09:06.404 +00:00 [DBG] [MyDocuments]>    | |   / -_) / _` |  |  _/ | | / -_)   | |  _   / /   _  | |              
2025-07-21 13:09:06.404 +00:00 [DBG] [MyDocuments]>    |_|   \___| \__,_|  |_|   |_| \___|   |_| (_) /___| (_) |_|              
2025-07-21 13:09:06.404 +00:00 [DBG] [MyDocuments]>                                                                             
2025-07-21 13:09:06.537 +00:00 [DBG] [Partners]> [13:09:06 ERR] Exception was thrown during execution of 'Execute Script Step'. Error message: Unable to create OAuth2 options, because 'AuthUrl' is required parameter.
2025-07-21 13:09:06.570 +00:00 [DBG] [Partners]> ╭──────────────────────────────────────────────────────────────────────────────╮
2025-07-21 13:09:06.570 +00:00 [DBG] [Partners]> │ Test Results: NO TESTS PERFORMED                                             │
2025-07-21 13:09:06.570 +00:00 [DBG] [Partners]> ╰──────────────────────────────────────────────────────────────────────────────╯
2025-07-21 13:09:06.593 +00:00 [DBG] [Partners]> [13:09:06 ERR] 'Execute Script Step' caused premature termination of application run after 2.99 s (exit code 1).
2025-07-21 13:09:06.593 +00:00 [DBG] [Partners]> Reason: Application Error
2025-07-21 13:09:06.593 +00:00 [DBG] [Partners]> Details: Unable to create OAuth2 options, because 'AuthUrl' is required parameter.
2025-07-21 13:09:06.615 +00:00 [WRN] Attempt to retry.
2025-07-21 13:09:06.634 +00:00 [DBG] [MyDocuments]> [13:09:06 DBG] Application pipeline started. Number of planned steps: 8.
2025-07-21 13:09:06.636 +00:00 [DBG] [MyDocuments]> [13:09:06 DBG] Application is working with these paths:
2025-07-21 13:09:06.637 +00:00 [DBG] [MyDocuments]> Path: '/srv/data/TeaPie/tests/MyDocuments'
2025-07-21 13:09:06.637 +00:00 [DBG] [MyDocuments]> Temporary folder path: '/srv/data/TeaPie/.teapie'
2025-07-21 13:09:06.637 +00:00 [DBG] [MyDocuments]> TeaPie folder path: '/srv/data/TeaPie/.teapie'
2025-07-21 13:09:06.644 +00:00 [DBG] [MyDocuments]> [13:09:06 INF] Exploration of the collection started at path: '/srv/data/TeaPie/tests/MyDocuments'.
2025-07-21 13:09:06.651 +00:00 [DBG] [MyDocuments]> [13:09:06 DBG] .teapie folder was found at path '/srv/data/TeaPie/.teapie'.
2025-07-21 13:09:06.655 +00:00 [DBG] [MyDocuments]> [13:09:06 DBG] environment file was found at path '/srv/data/TeaPie/.teapie/env.json'
2025-07-21 13:09:06.655 +00:00 [DBG] [MyDocuments]> [13:09:06 DBG] initialization script was found at path '/srv/data/TeaPie/.teapie/init.csx'
2025-07-21 13:09:06.660 +00:00 [DBG] [MyDocuments]> [13:09:06 INF] Collection explored in 8 ms, found 10 test cases.
2025-07-21 13:09:06.697 +00:00 [DBG] [MyDocuments]> [13:09:06 DBG] Variables were loaded from previous run.
2025-07-21 13:09:06.700 +00:00 [DBG] [MyDocuments]> [13:09:06 DBG] 7 environments were found in the file at path '/srv/data/TeaPie/.teapie/env.json'. (test-lab, $shared, production, staging, docker-aks, docker, devlab)
2025-07-21 13:09:06.703 +00:00 [DBG] [MyDocuments]> [13:09:06 INF] Running on docker-aks environment.
2025-07-21 13:09:06.944 +00:00 [DBG] [MyDocuments]> [13:09:06 INF]   CACHE https://api.nuget.org/v3/registration5-gz-semver2/microsoft.csharp/index.json
2025-07-21 13:09:06.995 +00:00 [DBG] [MyDocuments]> [13:09:06 VRB] NuGet Package Microsoft.CSharp, 4.7.0 was successfully downloaded.
2025-07-21 13:09:07.009 +00:00 [DBG] [MyDocuments]> [13:09:07 VRB] NuGet Package Microsoft.CSharp, 4.7.0 was successfully addded to execution assembly.
2025-07-21 13:09:07.011 +00:00 [DBG] [MyDocuments]> [13:09:07 INF]   CACHE https://api.nuget.org/v3/registration5-gz-semver2/xunit.assert/index.json
2025-07-21 13:09:07.020 +00:00 [DBG] [MyDocuments]> [13:09:07 VRB] NuGet Package Xunit.Assert, 2.9.3 was successfully downloaded.
2025-07-21 13:09:07.020 +00:00 [DBG] [MyDocuments]> [13:09:07 VRB] NuGet Package Xunit.Assert, 2.9.3 was successfully addded to execution assembly.
2025-07-21 13:09:07.021 +00:00 [DBG] [MyDocuments]> [13:09:07 VRB] Default NuGet packages were successfully added: (Microsoft.CSharp, 4.7.0, Xunit.Assert, 2.9.3)
2025-07-21 13:09:07.021 +00:00 [DBG] [MyDocuments]> [13:09:07 VRB] Pre-defined auth providers were registered: None, OAuth2.
2025-07-21 13:09:07.026 +00:00 [DBG] [MyDocuments]> [13:09:07 DBG] Using 'MyDocuments/.teapie/init.csx' as initialization script.
2025-07-21 13:09:07.037 +00:00 [DBG] [MyDocuments]> [13:09:07 VRB] Content of the script file at path 'MyDocuments/.teapie/init.csx' was read in 8 ms
2025-07-21 13:09:07.041 +00:00 [DBG] [MyDocuments]> [13:09:07 VRB] Pre-process of the script at path 'MyDocuments/.teapie/init.csx' started.
2025-07-21 13:09:07.048 +00:00 [DBG] [MyDocuments]> [13:09:07 VRB] Pre-process of the script at path 'MyDocuments/.teapie/init.csx' finished in 6 ms.
2025-07-21 13:09:07.051 +00:00 [DBG] [MyDocuments]> [13:09:07 DBG] For the referenced script '/srv/data/TeaPie/.teapie/Shared/Scripts/Auth.csx', 4 steps of pre-process were scheduled in the pipeline.
2025-07-21 13:09:07.051 +00:00 [DBG] [MyDocuments]> [13:09:07 DBG] For the referenced script '/srv/data/TeaPie/.teapie/Shared/Scripts/Directives.csx', 4 steps of pre-process were scheduled in the pipeline.
2025-07-21 13:09:07.051 +00:00 [DBG] [MyDocuments]> [13:09:07 DBG] For the referenced script '/srv/data/TeaPie/.teapie/Shared/Scripts/Retrying.csx', 4 steps of pre-process were scheduled in the pipeline.
2025-07-21 13:09:07.051 +00:00 [DBG] [MyDocuments]> [13:09:07 VRB] Content of the script file at path '/srv/data/TeaPie/.teapie/Shared/Scripts/Retrying.csx' was read in 0 ms
2025-07-21 13:09:07.052 +00:00 [DBG] [MyDocuments]> [13:09:07 VRB] Pre-process of the script at path '/srv/data/TeaPie/.teapie/Shared/Scripts/Retrying.csx' started.
2025-07-21 13:09:07.056 +00:00 [DBG] [MyDocuments]> [13:09:07 INF]   CACHE https://api.nuget.org/v3/registration5-gz-semver2/polly/index.json
2025-07-21 13:09:07.068 +00:00 [DBG] [MyDocuments]> [13:09:07 INF]   CACHE https://api.nuget.org/v3/registration5-gz-semver2/polly.core/index.json
2025-07-21 13:09:07.083 +00:00 [DBG] [MyDocuments]> [13:09:07 VRB] NuGet Package Polly, 8.5.2 was successfully downloaded.
2025-07-21 13:09:07.084 +00:00 [DBG] [MyDocuments]> [13:09:07 VRB] NuGet Package Polly, 8.5.2 was successfully addded to execution assembly.
2025-07-21 13:09:07.085 +00:00 [DBG] [MyDocuments]> [13:09:07 VRB] Pre-process of the script at path '/srv/data/TeaPie/.teapie/Shared/Scripts/Retrying.csx' finished in 33 ms.
2025-07-21 13:09:07.088 +00:00 [DBG] [MyDocuments]> [13:09:07 INF]   CACHE https://api.nuget.org/v3/registration5-gz-semver2/microsoft.extensions.http/index.json
2025-07-21 13:09:07.116 +00:00 [DBG] [MyDocuments]> [13:09:07 INF]   CACHE https://api.nuget.org/v3/registration5-gz-semver2/microsoft.extensions.dependencyinjection.abstractions/index.json
2025-07-21 13:09:07.116 +00:00 [DBG] [MyDocuments]> [13:09:07 INF]   CACHE https://api.nuget.org/v3/registration5-gz-semver2/microsoft.extensions.dependencyinjection.abstractions/page/3.1.27/9.0.3.json
2025-07-21 13:09:07.126 +00:00 [DBG] [MyDocuments]> [13:09:07 INF]   CACHE https://api.nuget.org/v3/registration5-gz-semver2/microsoft.extensions.logging.abstractions/index.json
2025-07-21 13:09:07.127 +00:00 [DBG] [MyDocuments]> [13:09:07 INF]   CACHE https://api.nuget.org/v3/registration5-gz-semver2/microsoft.extensions.logging.abstractions/page/3.1.24/9.0.0-preview.4.24266.19.json
2025-07-21 13:09:07.139 +00:00 [DBG] [MyDocuments]> [13:09:07 INF]   CACHE https://api.nuget.org/v3/registration5-gz-semver2/microsoft.extensions.logging/index.json
2025-07-21 13:09:07.139 +00:00 [DBG] [MyDocuments]> [13:09:07 INF]   CACHE https://api.nuget.org/v3/registration5-gz-semver2/microsoft.extensions.logging/page/3.1.24/9.0.0.json
2025-07-21 13:09:07.166 +00:00 [DBG] [MyDocuments]> [13:09:07 INF]   CACHE https://api.nuget.org/v3/registration5-gz-semver2/microsoft.extensions.options/index.json
2025-07-21 13:09:07.166 +00:00 [DBG] [MyDocuments]> [13:09:07 INF]   CACHE https://api.nuget.org/v3/registration5-gz-semver2/microsoft.extensions.options/page/3.1.24/9.0.0-rc.1.24431.7.json
2025-07-21 13:09:07.178 +00:00 [DBG] [MyDocuments]> [13:09:07 VRB] NuGet Package Microsoft.Extensions.Http, 7.0.0 was successfully downloaded.
2025-07-21 13:09:07.179 +00:00 [DBG] [MyDocuments]> [13:09:07 VRB] NuGet Package Microsoft.Extensions.Http, 7.0.0 was successfully addded to execution assembly.
2025-07-21 13:09:07.184 +00:00 [DBG] [MyDocuments]> [13:09:07 VRB] Pre-processed script from path '/srv/data/TeaPie/.teapie/Shared/Scripts/Retrying.csx' was saved to temporary folder - to path '/srv/data/TeaPie/.teapie/cache/temp/MyDocuments-c4977856781fc45d5d97d2b5dd8e2813/.teapie/Shared/Scripts/Retrying.csx'
2025-07-21 13:09:07.187 +00:00 [DBG] [MyDocuments]> [13:09:07 VRB] Content of the script file at path '/srv/data/TeaPie/.teapie/Shared/Scripts/Directives.csx' was read in 0 ms
2025-07-21 13:09:07.187 +00:00 [DBG] [MyDocuments]> [13:09:07 VRB] Pre-process of the script at path '/srv/data/TeaPie/.teapie/Shared/Scripts/Directives.csx' started.
2025-07-21 13:09:07.189 +00:00 [DBG] [MyDocuments]> [13:09:07 INF]   CACHE https://api.nuget.org/v3/registration5-gz-semver2/newtonsoft.json/index.json
2025-07-21 13:09:07.200 +00:00 [DBG] [MyDocuments]> [13:09:07 VRB] NuGet Package Newtonsoft.Json, 13.0.3 was successfully downloaded.
2025-07-21 13:09:07.201 +00:00 [DBG] [MyDocuments]> [13:09:07 VRB] NuGet Package Newtonsoft.Json, 13.0.3 was successfully addded to execution assembly.
2025-07-21 13:09:07.202 +00:00 [DBG] [MyDocuments]> [13:09:07 INF]   CACHE https://api.nuget.org/v3/registration5-gz-semver2/newtonsoft.json.schema/index.json
2025-07-21 13:09:07.210 +00:00 [DBG] [MyDocuments]> [13:09:07 INF]   CACHE https://api.nuget.org/v3/registration5-gz-semver2/newtonsoft.json/index.json
2025-07-21 13:09:07.220 +00:00 [DBG] [MyDocuments]> [13:09:07 VRB] Pre-process of the script at path '/srv/data/TeaPie/.teapie/Shared/Scripts/Directives.csx' finished in 32 ms.
2025-07-21 13:09:07.225 +00:00 [DBG] [MyDocuments]> [13:09:07 VRB] NuGet Package Newtonsoft.Json.Schema, 4.0.1 was successfully downloaded.
2025-07-21 13:09:07.225 +00:00 [DBG] [MyDocuments]> [13:09:07 VRB] NuGet Package Newtonsoft.Json.Schema, 4.0.1 was successfully addded to execution assembly.
2025-07-21 13:09:07.226 +00:00 [DBG] [MyDocuments]> [13:09:07 VRB] Pre-processed script from path '/srv/data/TeaPie/.teapie/Shared/Scripts/Directives.csx' was saved to temporary folder - to path '/srv/data/TeaPie/.teapie/cache/temp/MyDocuments-c4977856781fc45d5d97d2b5dd8e2813/.teapie/Shared/Scripts/Directives.csx'
2025-07-21 13:09:07.226 +00:00 [DBG] [MyDocuments]> [13:09:07 VRB] Content of the script file at path '/srv/data/TeaPie/.teapie/Shared/Scripts/Auth.csx' was read in 0 ms
2025-07-21 13:09:07.226 +00:00 [DBG] [MyDocuments]> [13:09:07 VRB] Pre-process of the script at path '/srv/data/TeaPie/.teapie/Shared/Scripts/Auth.csx' started.
2025-07-21 13:09:07.226 +00:00 [DBG] [MyDocuments]> [13:09:07 VRB] Pre-process of the script at path '/srv/data/TeaPie/.teapie/Shared/Scripts/Auth.csx' finished in 0 ms.
2025-07-21 13:09:07.226 +00:00 [DBG] [MyDocuments]> [13:09:07 VRB] Pre-processed script from path '/srv/data/TeaPie/.teapie/Shared/Scripts/Auth.csx' was saved to temporary folder - to path '/srv/data/TeaPie/.teapie/cache/temp/MyDocuments-c4977856781fc45d5d97d2b5dd8e2813/.teapie/Shared/Scripts/Auth.csx'
2025-07-21 13:09:07.226 +00:00 [DBG] [MyDocuments]> [13:09:07 VRB] Pre-processed script from path 'MyDocuments/.teapie/init.csx' was saved to temporary folder - to path '/srv/data/TeaPie/.teapie/cache/temp/MyDocuments-c4977856781fc45d5d97d2b5dd8e2813/.teapie/init.csx'
2025-07-21 13:09:07.227 +00:00 [DBG] [MyDocuments]> [13:09:07 VRB] Compilation of the script at path 'MyDocuments/.teapie/init.csx' started.
2025-07-21 13:09:08.615 +00:00 [INF] [Partners]> Start running TeaPie tests.
2025-07-21 13:09:08.615 +00:00 [DBG] teapie test /srv/data/TeaPie/tests/Partners --report-file /srv/data/TeaPie/reports/junit/Partners-2025-07-21-13-09-08-6156-testresults.xml --environment docker-aks --log-file /srv/data/logs-.log --verbose
2025-07-21 13:09:08.617 +00:00 [INF] [Partners]> Process started; ID: 928
2025-07-21 13:09:08.826 +00:00 [DBG] [Partners]>   _____                 ___   _           _       ___       _               
2025-07-21 13:09:08.826 +00:00 [DBG] [Partners]>  |_   _|  ___   __ _   | _ \ (_)  ___    / |     |_  )     / |              
2025-07-21 13:09:08.826 +00:00 [DBG] [Partners]>    | |   / -_) / _` |  |  _/ | | / -_)   | |  _   / /   _  | |              
2025-07-21 13:09:08.826 +00:00 [DBG] [Partners]>    |_|   \___| \__,_|  |_|   |_| \___|   |_| (_) /___| (_) |_|              
2025-07-21 13:09:08.826 +00:00 [DBG] [Partners]>                                                                             
2025-07-21 13:09:09.055 +00:00 [DBG] [Partners]> [13:09:09 DBG] Application pipeline started. Number of planned steps: 8.
2025-07-21 13:09:09.057 +00:00 [DBG] [Partners]> [13:09:09 DBG] Application is working with these paths:
2025-07-21 13:09:09.057 +00:00 [DBG] [Partners]> Path: '/srv/data/TeaPie/tests/Partners'
2025-07-21 13:09:09.057 +00:00 [DBG] [Partners]> Temporary folder path: '/srv/data/TeaPie/.teapie'
2025-07-21 13:09:09.057 +00:00 [DBG] [Partners]> TeaPie folder path: '/srv/data/TeaPie/.teapie'
2025-07-21 13:09:09.067 +00:00 [DBG] [Partners]> [13:09:09 INF] Exploration of the collection started at path: '/srv/data/TeaPie/tests/Partners'.
2025-07-21 13:09:09.076 +00:00 [DBG] [Partners]> [13:09:09 DBG] .teapie folder was found at path '/srv/data/TeaPie/.teapie'.
2025-07-21 13:09:09.079 +00:00 [DBG] [Partners]> [13:09:09 DBG] environment file was found at path '/srv/data/TeaPie/.teapie/env.json'
2025-07-21 13:09:09.080 +00:00 [DBG] [Partners]> [13:09:09 DBG] initialization script was found at path '/srv/data/TeaPie/.teapie/init.csx'
2025-07-21 13:09:09.089 +00:00 [DBG] [Partners]> [13:09:09 INF] Collection explored in 12 ms, found 96 test cases.
2025-07-21 13:09:09.115 +00:00 [INF] [TeaPieResult]: Writing reports start (Alive: "2025-07-21T13:09:09.0896955Z")
2025-07-21 13:09:09.115 +00:00 [INF] [TeaPieResult]: Writing reports to file /srv/data/TeaPie/reports/report.json (Alive: "2025-07-21T13:09:09.0896955Z")
2025-07-21 13:09:09.116 +00:00 [INF] [TeaPieResult]: Report written to file /srv/data/TeaPie/reports/report.json (Alive: "2025-07-21T13:09:09.0896955Z")
2025-07-21 13:09:09.129 +00:00 [DBG] [Partners]> [13:09:09 DBG] Variables were loaded from previous run.
2025-07-21 13:09:09.134 +00:00 [DBG] [Partners]> [13:09:09 DBG] 7 environments were found in the file at path '/srv/data/TeaPie/.teapie/env.json'. (test-lab, $shared, production, staging, docker-aks, docker, devlab)
2025-07-21 13:09:09.136 +00:00 [DBG] [Partners]> [13:09:09 INF] Running on docker-aks environment.
2025-07-21 13:09:09.424 +00:00 [DBG] [Partners]> [13:09:09 INF]   CACHE https://api.nuget.org/v3/registration5-gz-semver2/microsoft.csharp/index.json
2025-07-21 13:09:09.462 +00:00 [DBG] [MyDocuments]> [13:09:09 VRB] Compilation of the script at path 'MyDocuments/.teapie/init.csx' finished successfully in 2.23 s.
2025-07-21 13:09:09.463 +00:00 [DBG] [MyDocuments]> [13:09:09 VRB] Execution of the User-defined script at path 'MyDocuments/.teapie/init.csx' started.
2025-07-21 13:09:09.475 +00:00 [DBG] [MyDocuments]> [13:09:09 ERR] Exception was thrown during execution of 'Execute Script Step'. Error message: Unable to create OAuth2 options, because 'AuthUrl' is required parameter.
2025-07-21 13:09:09.481 +00:00 [DBG] [MyDocuments]> [13:09:09 DBG] Stack trace:    at TeaPie.Http.Auth.OAuth2.OAuth2OptionsBuilder.CheckRequiredParameters() in /home/runner/work/TeaPie/TeaPie/src/TeaPie/Http/Auth/OAuth2/OAuth2OptionsBuilder.cs:line 137
2025-07-21 13:09:09.481 +00:00 [DBG] [MyDocuments]>    at TeaPie.Http.Auth.OAuth2.OAuth2OptionsBuilder.Build() in /home/runner/work/TeaPie/TeaPie/src/TeaPie/Http/Auth/OAuth2/OAuth2OptionsBuilder.cs:line 119
2025-07-21 13:09:09.481 +00:00 [DBG] [MyDocuments]>    at Submission#0.AddAuthentication()
2025-07-21 13:09:09.481 +00:00 [DBG] [MyDocuments]>    at Submission#0.<<Initialize>>d__0.MoveNext()
2025-07-21 13:09:09.481 +00:00 [DBG] [MyDocuments]> --- End of stack trace from previous location ---
2025-07-21 13:09:09.481 +00:00 [DBG] [MyDocuments]>    at Microsoft.CodeAnalysis.Scripting.ScriptExecutionState.RunSubmissionsAsync[TResult](ImmutableArray`1 precedingExecutors, Func`2 currentExecutor, StrongBox`1 exceptionHolderOpt, Func`2 catchExceptionOpt, CancellationToken cancellationToken)
2025-07-21 13:09:09.481 +00:00 [DBG] [MyDocuments]>    at Microsoft.CodeAnalysis.Scripting.Script`1.RunSubmissionsAsync(ScriptExecutionState executionState, ImmutableArray`1 precedingExecutors, Func`2 currentExecutor, Func`2 catchExceptionOpt, CancellationToken cancellationToken)
2025-07-21 13:09:09.481 +00:00 [DBG] [MyDocuments]>    at TeaPie.Scripts.ExecuteScriptStep.<>c__DisplayClass4_0.<<ExecuteAndLog>b__0>d.MoveNext() in /home/runner/work/TeaPie/TeaPie/src/TeaPie/Scripts/ExecuteScriptStep.cs:line 36
2025-07-21 13:09:09.481 +00:00 [DBG] [MyDocuments]> --- End of stack trace from previous location ---
2025-07-21 13:09:09.481 +00:00 [DBG] [MyDocuments]>    at TeaPie.Logging.Timer.Execute[T](Func`1 asyncFunction, Action`1 log) in /home/runner/work/TeaPie/TeaPie/src/TeaPie/Logging/Timer.cs:line 11
2025-07-21 13:09:09.481 +00:00 [DBG] [MyDocuments]>    at TeaPie.Scripts.ExecuteScriptStep.ExecuteAndLog(ApplicationContext context, ScriptExecutionContext scriptExecutionContext, Script`1 script, CancellationToken cancellationToken) in /home/runner/work/TeaPie/TeaPie/src/TeaPie/Scripts/ExecuteScriptStep.cs:line 35
2025-07-21 13:09:09.481 +00:00 [DBG] [MyDocuments]>    at TeaPie.Scripts.ExecuteScriptStep.ExecuteScript(ApplicationContext context, ScriptExecutionContext scriptExecutionContext, Script`1 script, CancellationToken cancellationToken) in /home/runner/work/TeaPie/TeaPie/src/TeaPie/Scripts/ExecuteScriptStep.cs:line 27
2025-07-21 13:09:09.481 +00:00 [DBG] [MyDocuments]>    at TeaPie.Scripts.ExecuteScriptStep.Execute(ApplicationContext context, CancellationToken cancellationToken) in /home/runner/work/TeaPie/TeaPie/src/TeaPie/Scripts/ExecuteScriptStep.cs:line 17
2025-07-21 13:09:09.481 +00:00 [DBG] [MyDocuments]>    at TeaPie.ApplicationPipeline.ExecuteStep(IPipelineStep step, ApplicationContext context, CancellationToken cancellationToken) in /home/runner/work/TeaPie/TeaPie/src/TeaPie/ApplicationPipeline.cs:line 92
2025-07-21 13:09:09.484 +00:00 [DBG] [Partners]> [13:09:09 VRB] NuGet Package Microsoft.CSharp, 4.7.0 was successfully downloaded.
2025-07-21 13:09:09.497 +00:00 [DBG] [Partners]> [13:09:09 VRB] NuGet Package Microsoft.CSharp, 4.7.0 was successfully addded to execution assembly.
2025-07-21 13:09:09.500 +00:00 [DBG] [Partners]> [13:09:09 INF]   CACHE https://api.nuget.org/v3/registration5-gz-semver2/xunit.assert/index.json
2025-07-21 13:09:09.506 +00:00 [DBG] [MyDocuments]> ╭──────────────────────────────────────────────────────────────────────────────╮
2025-07-21 13:09:09.506 +00:00 [DBG] [MyDocuments]> │ Test Results: NO TESTS PERFORMED                                             │
2025-07-21 13:09:09.506 +00:00 [DBG] [MyDocuments]> ╰──────────────────────────────────────────────────────────────────────────────╯
2025-07-21 13:09:09.508 +00:00 [DBG] [Partners]> [13:09:09 VRB] NuGet Package Xunit.Assert, 2.9.3 was successfully downloaded.
2025-07-21 13:09:09.509 +00:00 [DBG] [Partners]> [13:09:09 VRB] NuGet Package Xunit.Assert, 2.9.3 was successfully addded to execution assembly.
2025-07-21 13:09:09.509 +00:00 [DBG] [Partners]> [13:09:09 VRB] Default NuGet packages were successfully added: (Microsoft.CSharp, 4.7.0, Xunit.Assert, 2.9.3)
2025-07-21 13:09:09.510 +00:00 [DBG] [Partners]> [13:09:09 VRB] Pre-defined auth providers were registered: None, OAuth2.
2025-07-21 13:09:09.515 +00:00 [DBG] [Partners]> [13:09:09 DBG] Using 'Partners/.teapie/init.csx' as initialization script.
2025-07-21 13:09:09.527 +00:00 [DBG] [MyDocuments]> [13:09:09 DBG] Variables from current run were saved to file.
2025-07-21 13:09:09.527 +00:00 [DBG] [Partners]> [13:09:09 VRB] Content of the script file at path 'Partners/.teapie/init.csx' was read in 9 ms
2025-07-21 13:09:09.529 +00:00 [DBG] [MyDocuments]> [13:09:09 ERR] 'Execute Script Step' caused premature termination of application run after 2.92 s (exit code 1).
2025-07-21 13:09:09.529 +00:00 [DBG] [MyDocuments]> Reason: Application Error
2025-07-21 13:09:09.529 +00:00 [DBG] [MyDocuments]> Details: Unable to create OAuth2 options, because 'AuthUrl' is required parameter.
2025-07-21 13:09:09.532 +00:00 [DBG] [Partners]> [13:09:09 VRB] Pre-process of the script at path 'Partners/.teapie/init.csx' started.
2025-07-21 13:09:09.539 +00:00 [DBG] [Partners]> [13:09:09 VRB] Pre-process of the script at path 'Partners/.teapie/init.csx' finished in 7 ms.
2025-07-21 13:09:09.541 +00:00 [DBG] [Partners]> [13:09:09 DBG] For the referenced script '/srv/data/TeaPie/.teapie/Shared/Scripts/Auth.csx', 4 steps of pre-process were scheduled in the pipeline.
2025-07-21 13:09:09.542 +00:00 [DBG] [Partners]> [13:09:09 DBG] For the referenced script '/srv/data/TeaPie/.teapie/Shared/Scripts/Directives.csx', 4 steps of pre-process were scheduled in the pipeline.
2025-07-21 13:09:09.542 +00:00 [DBG] [Partners]> [13:09:09 DBG] For the referenced script '/srv/data/TeaPie/.teapie/Shared/Scripts/Retrying.csx', 4 steps of pre-process were scheduled in the pipeline.
2025-07-21 13:09:09.543 +00:00 [DBG] [Partners]> [13:09:09 VRB] Content of the script file at path '/srv/data/TeaPie/.teapie/Shared/Scripts/Retrying.csx' was read in 0 ms
2025-07-21 13:09:09.543 +00:00 [DBG] [Partners]> [13:09:09 VRB] Pre-process of the script at path '/srv/data/TeaPie/.teapie/Shared/Scripts/Retrying.csx' started.
2025-07-21 13:09:09.547 +00:00 [DBG] [Partners]> [13:09:09 INF]   CACHE https://api.nuget.org/v3/registration5-gz-semver2/polly/index.json
2025-07-21 13:09:09.558 +00:00 [DBG] [Partners]> [13:09:09 INF]   CACHE https://api.nuget.org/v3/registration5-gz-semver2/polly.core/index.json
2025-07-21 13:09:09.571 +00:00 [DBG] [Partners]> [13:09:09 VRB] NuGet Package Polly, 8.5.2 was successfully downloaded.
2025-07-21 13:09:09.572 +00:00 [DBG] [Partners]> [13:09:09 VRB] NuGet Package Polly, 8.5.2 was successfully addded to execution assembly.
2025-07-21 13:09:09.573 +00:00 [DBG] [Partners]> [13:09:09 VRB] Pre-process of the script at path '/srv/data/TeaPie/.teapie/Shared/Scripts/Retrying.csx' finished in 29 ms.
2025-07-21 13:09:09.576 +00:00 [DBG] [Partners]> [13:09:09 INF]   CACHE https://api.nuget.org/v3/registration5-gz-semver2/microsoft.extensions.http/index.json
2025-07-21 13:09:09.601 +00:00 [DBG] [Partners]> [13:09:09 INF]   CACHE https://api.nuget.org/v3/registration5-gz-semver2/microsoft.extensions.dependencyinjection.abstractions/index.json
2025-07-21 13:09:09.602 +00:00 [DBG] [Partners]> [13:09:09 INF]   CACHE https://api.nuget.org/v3/registration5-gz-semver2/microsoft.extensions.dependencyinjection.abstractions/page/3.1.27/9.0.3.json
2025-07-21 13:09:09.612 +00:00 [DBG] [Partners]> [13:09:09 INF]   CACHE https://api.nuget.org/v3/registration5-gz-semver2/microsoft.extensions.logging.abstractions/index.json
2025-07-21 13:09:09.612 +00:00 [DBG] [Partners]> [13:09:09 INF]   CACHE https://api.nuget.org/v3/registration5-gz-semver2/microsoft.extensions.logging.abstractions/page/3.1.24/9.0.0-preview.4.24266.19.json
2025-07-21 13:09:09.623 +00:00 [DBG] [Partners]> [13:09:09 INF]   CACHE https://api.nuget.org/v3/registration5-gz-semver2/microsoft.extensions.logging/index.json
2025-07-21 13:09:09.623 +00:00 [DBG] [Partners]> [13:09:09 INF]   CACHE https://api.nuget.org/v3/registration5-gz-semver2/microsoft.extensions.logging/page/3.1.24/9.0.0.json
2025-07-21 13:09:09.647 +00:00 [DBG] [Partners]> [13:09:09 INF]   CACHE https://api.nuget.org/v3/registration5-gz-semver2/microsoft.extensions.options/index.json
2025-07-21 13:09:09.647 +00:00 [DBG] [Partners]> [13:09:09 INF]   CACHE https://api.nuget.org/v3/registration5-gz-semver2/microsoft.extensions.options/page/3.1.24/9.0.0-rc.1.24431.7.json
2025-07-21 13:09:09.659 +00:00 [DBG] [Partners]> [13:09:09 VRB] NuGet Package Microsoft.Extensions.Http, 7.0.0 was successfully downloaded.
2025-07-21 13:09:09.659 +00:00 [DBG] [Partners]> [13:09:09 VRB] NuGet Package Microsoft.Extensions.Http, 7.0.0 was successfully addded to execution assembly.
2025-07-21 13:09:09.664 +00:00 [DBG] [Partners]> [13:09:09 VRB] Pre-processed script from path '/srv/data/TeaPie/.teapie/Shared/Scripts/Retrying.csx' was saved to temporary folder - to path '/srv/data/TeaPie/.teapie/cache/temp/Partners-01783b017de4378de8366cd5cc8d715b/.teapie/Shared/Scripts/Retrying.csx'
2025-07-21 13:09:09.667 +00:00 [DBG] [Partners]> [13:09:09 VRB] Content of the script file at path '/srv/data/TeaPie/.teapie/Shared/Scripts/Directives.csx' was read in 0 ms
2025-07-21 13:09:09.667 +00:00 [DBG] [Partners]> [13:09:09 VRB] Pre-process of the script at path '/srv/data/TeaPie/.teapie/Shared/Scripts/Directives.csx' started.
2025-07-21 13:09:09.669 +00:00 [DBG] [Partners]> [13:09:09 INF]   CACHE https://api.nuget.org/v3/registration5-gz-semver2/newtonsoft.json/index.json
2025-07-21 13:09:09.679 +00:00 [DBG] [Partners]> [13:09:09 VRB] NuGet Package Newtonsoft.Json, 13.0.3 was successfully downloaded.
2025-07-21 13:09:09.679 +00:00 [DBG] [Partners]> [13:09:09 VRB] NuGet Package Newtonsoft.Json, 13.0.3 was successfully addded to execution assembly.
2025-07-21 13:09:09.681 +00:00 [DBG] [Partners]> [13:09:09 INF]   CACHE https://api.nuget.org/v3/registration5-gz-semver2/newtonsoft.json.schema/index.json
2025-07-21 13:09:09.689 +00:00 [DBG] [Partners]> [13:09:09 INF]   CACHE https://api.nuget.org/v3/registration5-gz-semver2/newtonsoft.json/index.json
2025-07-21 13:09:09.699 +00:00 [DBG] [Partners]> [13:09:09 VRB] Pre-process of the script at path '/srv/data/TeaPie/.teapie/Shared/Scripts/Directives.csx' finished in 31 ms.
2025-07-21 13:09:09.703 +00:00 [DBG] [Partners]> [13:09:09 VRB] NuGet Package Newtonsoft.Json.Schema, 4.0.1 was successfully downloaded.
2025-07-21 13:09:09.703 +00:00 [DBG] [Partners]> [13:09:09 VRB] NuGet Package Newtonsoft.Json.Schema, 4.0.1 was successfully addded to execution assembly.
2025-07-21 13:09:09.704 +00:00 [DBG] [Partners]> [13:09:09 VRB] Pre-processed script from path '/srv/data/TeaPie/.teapie/Shared/Scripts/Directives.csx' was saved to temporary folder - to path '/srv/data/TeaPie/.teapie/cache/temp/Partners-01783b017de4378de8366cd5cc8d715b/.teapie/Shared/Scripts/Directives.csx'
2025-07-21 13:09:09.704 +00:00 [DBG] [Partners]> [13:09:09 VRB] Content of the script file at path '/srv/data/TeaPie/.teapie/Shared/Scripts/Auth.csx' was read in 0 ms
2025-07-21 13:09:09.704 +00:00 [DBG] [Partners]> [13:09:09 VRB] Pre-process of the script at path '/srv/data/TeaPie/.teapie/Shared/Scripts/Auth.csx' started.
2025-07-21 13:09:09.704 +00:00 [DBG] [Partners]> [13:09:09 VRB] Pre-process of the script at path '/srv/data/TeaPie/.teapie/Shared/Scripts/Auth.csx' finished in 0 ms.
2025-07-21 13:09:09.704 +00:00 [DBG] [Partners]> [13:09:09 VRB] Pre-processed script from path '/srv/data/TeaPie/.teapie/Shared/Scripts/Auth.csx' was saved to temporary folder - to path '/srv/data/TeaPie/.teapie/cache/temp/Partners-01783b017de4378de8366cd5cc8d715b/.teapie/Shared/Scripts/Auth.csx'
2025-07-21 13:09:09.705 +00:00 [DBG] [Partners]> [13:09:09 VRB] Pre-processed script from path 'Partners/.teapie/init.csx' was saved to temporary folder - to path '/srv/data/TeaPie/.teapie/cache/temp/Partners-01783b017de4378de8366cd5cc8d715b/.teapie/init.csx'
2025-07-21 13:09:09.706 +00:00 [DBG] [Partners]> [13:09:09 VRB] Compilation of the script at path 'Partners/.teapie/init.csx' started.
2025-07-21 13:09:11.834 +00:00 [DBG] [Partners]> [13:09:11 VRB] Compilation of the script at path 'Partners/.teapie/init.csx' finished successfully in 2.12 s.
2025-07-21 13:09:11.835 +00:00 [DBG] [Partners]> [13:09:11 VRB] Execution of the User-defined script at path 'Partners/.teapie/init.csx' started.
2025-07-21 13:09:11.849 +00:00 [DBG] [Partners]> [13:09:11 ERR] Exception was thrown during execution of 'Execute Script Step'. Error message: Unable to create OAuth2 options, because 'AuthUrl' is required parameter.
2025-07-21 13:09:11.856 +00:00 [DBG] [Partners]> [13:09:11 DBG] Stack trace:    at TeaPie.Http.Auth.OAuth2.OAuth2OptionsBuilder.CheckRequiredParameters() in /home/runner/work/TeaPie/TeaPie/src/TeaPie/Http/Auth/OAuth2/OAuth2OptionsBuilder.cs:line 137
2025-07-21 13:09:11.856 +00:00 [DBG] [Partners]>    at TeaPie.Http.Auth.OAuth2.OAuth2OptionsBuilder.Build() in /home/runner/work/TeaPie/TeaPie/src/TeaPie/Http/Auth/OAuth2/OAuth2OptionsBuilder.cs:line 119
2025-07-21 13:09:11.856 +00:00 [DBG] [Partners]>    at Submission#0.AddAuthentication()
2025-07-21 13:09:11.856 +00:00 [DBG] [Partners]>    at Submission#0.<<Initialize>>d__0.MoveNext()
2025-07-21 13:09:11.856 +00:00 [DBG] [Partners]> --- End of stack trace from previous location ---
2025-07-21 13:09:11.856 +00:00 [DBG] [Partners]>    at Microsoft.CodeAnalysis.Scripting.ScriptExecutionState.RunSubmissionsAsync[TResult](ImmutableArray`1 precedingExecutors, Func`2 currentExecutor, StrongBox`1 exceptionHolderOpt, Func`2 catchExceptionOpt, CancellationToken cancellationToken)
2025-07-21 13:09:11.856 +00:00 [DBG] [Partners]>    at Microsoft.CodeAnalysis.Scripting.Script`1.RunSubmissionsAsync(ScriptExecutionState executionState, ImmutableArray`1 precedingExecutors, Func`2 currentExecutor, Func`2 catchExceptionOpt, CancellationToken cancellationToken)
2025-07-21 13:09:11.856 +00:00 [DBG] [Partners]>    at TeaPie.Scripts.ExecuteScriptStep.<>c__DisplayClass4_0.<<ExecuteAndLog>b__0>d.MoveNext() in /home/runner/work/TeaPie/TeaPie/src/TeaPie/Scripts/ExecuteScriptStep.cs:line 36
2025-07-21 13:09:11.856 +00:00 [DBG] [Partners]> --- End of stack trace from previous location ---
2025-07-21 13:09:11.856 +00:00 [DBG] [Partners]>    at TeaPie.Logging.Timer.Execute[T](Func`1 asyncFunction, Action`1 log) in /home/runner/work/TeaPie/TeaPie/src/TeaPie/Logging/Timer.cs:line 11
2025-07-21 13:09:11.856 +00:00 [DBG] [Partners]>    at TeaPie.Scripts.ExecuteScriptStep.ExecuteAndLog(ApplicationContext context, ScriptExecutionContext scriptExecutionContext, Script`1 script, CancellationToken cancellationToken) in /home/runner/work/TeaPie/TeaPie/src/TeaPie/Scripts/ExecuteScriptStep.cs:line 35
2025-07-21 13:09:11.856 +00:00 [DBG] [Partners]>    at TeaPie.Scripts.ExecuteScriptStep.ExecuteScript(ApplicationContext context, ScriptExecutionContext scriptExecutionContext, Script`1 script, CancellationToken cancellationToken) in /home/runner/work/TeaPie/TeaPie/src/TeaPie/Scripts/ExecuteScriptStep.cs:line 27
2025-07-21 13:09:11.856 +00:00 [DBG] [Partners]>    at TeaPie.Scripts.ExecuteScriptStep.Execute(ApplicationContext context, CancellationToken cancellationToken) in /home/runner/work/TeaPie/TeaPie/src/TeaPie/Scripts/ExecuteScriptStep.cs:line 17
2025-07-21 13:09:11.856 +00:00 [DBG] [Partners]>    at TeaPie.ApplicationPipeline.ExecuteStep(IPipelineStep step, ApplicationContext context, CancellationToken cancellationToken) in /home/runner/work/TeaPie/TeaPie/src/TeaPie/ApplicationPipeline.cs:line 92
2025-07-21 13:09:11.883 +00:00 [DBG] [Partners]> ╭──────────────────────────────────────────────────────────────────────────────╮
2025-07-21 13:09:11.883 +00:00 [DBG] [Partners]> │ Test Results: NO TESTS PERFORMED                                             │
2025-07-21 13:09:11.883 +00:00 [DBG] [Partners]> ╰──────────────────────────────────────────────────────────────────────────────╯
2025-07-21 13:09:11.903 +00:00 [DBG] [Partners]> [13:09:11 DBG] Variables from current run were saved to file.
2025-07-21 13:09:11.905 +00:00 [DBG] [Partners]> [13:09:11 ERR] 'Execute Script Step' caused premature termination of application run after 2.88 s (exit code 1).
2025-07-21 13:09:11.905 +00:00 [DBG] [Partners]> Reason: Application Error
2025-07-21 13:09:11.905 +00:00 [DBG] [Partners]> Details: Unable to create OAuth2 options, because 'AuthUrl' is required parameter.
2025-07-21 13:09:11.927 +00:00 [INF] TeaPie collection finished.
2025-07-21 13:09:11.928 +00:00 [ERR] [MyDocuments] TeaPie collection failed.
CliWrap.Exceptions.CommandExecutionException: Command execution failed because the underlying process (teapie#910) returned a non-zero exit code (1).

Command:
teapie test /srv/data/TeaPie/tests/MyDocuments --report-file /srv/data/TeaPie/reports/junit/MyDocuments-2025-07-21-13-09-06-1691-testresults.xml --environment docker-aks --log-file /srv/data/logs-.log --verbose

You can suppress this validation by calling `WithValidation(CommandResultValidation.None)` on the command.
   at CliWrap.Command.ExecuteAsync(ProcessEx process, CancellationToken forcefulCancellationToken, CancellationToken gracefulCancellationToken) in D:\a\CliWrap\CliWrap\CliWrap\Command.Execution.cs:line 237
   at CliWrap.Command.ExecuteAsync(ProcessEx process, CancellationToken forcefulCancellationToken, CancellationToken gracefulCancellationToken) in D:\a\CliWrap\CliWrap\CliWrap\Command.Execution.cs:line 251
   at CliWrap.Command.ExecuteAsync(ProcessEx process, CancellationToken forcefulCancellationToken, CancellationToken gracefulCancellationToken) in D:\a\CliWrap\CliWrap\CliWrap\Command.Execution.cs:line 251
   at Polly.AsyncPolicy.<>c__DisplayClass40_0.<<ImplementationAsync>b__0>d.MoveNext()
--- End of stack trace from previous location ---
   at Polly.Retry.AsyncRetryEngine.ImplementationAsync[TResult](Func`3 action, Context context, CancellationToken cancellationToken, ExceptionPredicates shouldRetryExceptionPredicates, ResultPredicates`1 shouldRetryResultPredicates, Func`5 onRetryAsync, Int32 permittedRetryCount, IEnumerable`1 sleepDurationsEnumerable, Func`4 sleepDurationProvider, Boolean continueOnCapturedContext)
   at Polly.AsyncPolicy.ExecuteAsync(Func`3 action, Context context, CancellationToken cancellationToken, Boolean continueOnCapturedContext)
   at Polly.Wrap.AsyncPolicyWrapEngine.<>c__DisplayClass4_0.<<ImplementationAsync>b__0>d.MoveNext()
--- End of stack trace from previous location ---
   at Polly.AsyncPolicy.<>c__DisplayClass40_0.<<ImplementationAsync>b__0>d.MoveNext()
--- End of stack trace from previous location ---
   at Polly.Timeout.AsyncTimeoutEngine.ImplementationAsync[TResult](Func`3 action, Context context, CancellationToken cancellationToken, Func`2 timeoutProvider, TimeoutStrategy timeoutStrategy, Func`5 onTimeoutAsync, Boolean continueOnCapturedContext)
   at Polly.Timeout.AsyncTimeoutEngine.ImplementationAsync[TResult](Func`3 action, Context context, CancellationToken cancellationToken, Func`2 timeoutProvider, TimeoutStrategy timeoutStrategy, Func`5 onTimeoutAsync, Boolean continueOnCapturedContext)
   at Polly.AsyncPolicy.ExecuteAsync(Func`3 action, Context context, CancellationToken cancellationToken, Boolean continueOnCapturedContext)
   at Polly.Wrap.AsyncPolicyWrapEngine.ImplementationAsync(Func`3 action, Context context, CancellationToken cancellationToken, Boolean continueOnCapturedContext, IAsyncPolicy outerPolicy, IAsyncPolicy innerPolicy)
   at Polly.AsyncPolicy.ExecuteAsync(Func`3 action, Context context, CancellationToken cancellationToken, Boolean continueOnCapturedContext)
   at Polly.Wrap.AsyncPolicyWrapEngine.<>c__DisplayClass4_0.<<ImplementationAsync>b__0>d.MoveNext()
--- End of stack trace from previous location ---
   at Polly.AsyncPolicy.<>c__DisplayClass40_0.<<ImplementationAsync>b__0>d.MoveNext()
--- End of stack trace from previous location ---
   at Polly.Bulkhead.AsyncBulkheadEngine.ImplementationAsync[TResult](Func`3 action, Context context, Func`2 onBulkheadRejectedAsync, SemaphoreSlim maxParallelizationSemaphore, SemaphoreSlim maxQueuedActionsSemaphore, CancellationToken cancellationToken, Boolean continueOnCapturedContext)
   at Polly.AsyncPolicy.ExecuteAsync(Func`3 action, Context context, CancellationToken cancellationToken, Boolean continueOnCapturedContext)
   at Polly.Wrap.AsyncPolicyWrapEngine.ImplementationAsync(Func`3 action, Context context, CancellationToken cancellationToken, Boolean continueOnCapturedContext, IAsyncPolicy outerPolicy, IAsyncPolicy innerPolicy)
   at Polly.AsyncPolicy.ExecuteAsync(Func`3 action, Context context, CancellationToken cancellationToken, Boolean continueOnCapturedContext)
   at Polly.AsyncPolicy.ExecuteAndCaptureAsync(Func`3 action, Context context, CancellationToken cancellationToken, Boolean continueOnCapturedContext)
2025-07-21 13:09:11.942 +00:00 [ERR] [Partners] TeaPie collection failed.
CliWrap.Exceptions.CommandExecutionException: Command execution failed because the underlying process (teapie#928) returned a non-zero exit code (1).

Command:
teapie test /srv/data/TeaPie/tests/Partners --report-file /srv/data/TeaPie/reports/junit/Partners-2025-07-21-13-09-08-6156-testresults.xml --environment docker-aks --log-file /srv/data/logs-.log --verbose

You can suppress this validation by calling `WithValidation(CommandResultValidation.None)` on the command.
   at CliWrap.Command.ExecuteAsync(ProcessEx process, CancellationToken forcefulCancellationToken, CancellationToken gracefulCancellationToken) in D:\a\CliWrap\CliWrap\CliWrap\Command.Execution.cs:line 237
   at CliWrap.Command.ExecuteAsync(ProcessEx process, CancellationToken forcefulCancellationToken, CancellationToken gracefulCancellationToken) in D:\a\CliWrap\CliWrap\CliWrap\Command.Execution.cs:line 251
   at CliWrap.Command.ExecuteAsync(ProcessEx process, CancellationToken forcefulCancellationToken, CancellationToken gracefulCancellationToken) in D:\a\CliWrap\CliWrap\CliWrap\Command.Execution.cs:line 251
   at Polly.AsyncPolicy.<>c__DisplayClass40_0.<<ImplementationAsync>b__0>d.MoveNext()
--- End of stack trace from previous location ---
   at Polly.Retry.AsyncRetryEngine.ImplementationAsync[TResult](Func`3 action, Context context, CancellationToken cancellationToken, ExceptionPredicates shouldRetryExceptionPredicates, ResultPredicates`1 shouldRetryResultPredicates, Func`5 onRetryAsync, Int32 permittedRetryCount, IEnumerable`1 sleepDurationsEnumerable, Func`4 sleepDurationProvider, Boolean continueOnCapturedContext)
   at Polly.AsyncPolicy.ExecuteAsync(Func`3 action, Context context, CancellationToken cancellationToken, Boolean continueOnCapturedContext)
   at Polly.Wrap.AsyncPolicyWrapEngine.<>c__DisplayClass4_0.<<ImplementationAsync>b__0>d.MoveNext()
--- End of stack trace from previous location ---
   at Polly.AsyncPolicy.<>c__DisplayClass40_0.<<ImplementationAsync>b__0>d.MoveNext()
--- End of stack trace from previous location ---
   at Polly.Timeout.AsyncTimeoutEngine.ImplementationAsync[TResult](Func`3 action, Context context, CancellationToken cancellationToken, Func`2 timeoutProvider, TimeoutStrategy timeoutStrategy, Func`5 onTimeoutAsync, Boolean continueOnCapturedContext)
   at Polly.Timeout.AsyncTimeoutEngine.ImplementationAsync[TResult](Func`3 action, Context context, CancellationToken cancellationToken, Func`2 timeoutProvider, TimeoutStrategy timeoutStrategy, Func`5 onTimeoutAsync, Boolean continueOnCapturedContext)
   at Polly.AsyncPolicy.ExecuteAsync(Func`3 action, Context context, CancellationToken cancellationToken, Boolean continueOnCapturedContext)
   at Polly.Wrap.AsyncPolicyWrapEngine.ImplementationAsync(Func`3 action, Context context, CancellationToken cancellationToken, Boolean continueOnCapturedContext, IAsyncPolicy outerPolicy, IAsyncPolicy innerPolicy)
   at Polly.AsyncPolicy.ExecuteAsync(Func`3 action, Context context, CancellationToken cancellationToken, Boolean continueOnCapturedContext)
   at Polly.Wrap.AsyncPolicyWrapEngine.<>c__DisplayClass4_0.<<ImplementationAsync>b__0>d.MoveNext()
--- End of stack trace from previous location ---
   at Polly.AsyncPolicy.<>c__DisplayClass40_0.<<ImplementationAsync>b__0>d.MoveNext()
--- End of stack trace from previous location ---
   at Polly.Bulkhead.AsyncBulkheadEngine.ImplementationAsync[TResult](Func`3 action, Context context, Func`2 onBulkheadRejectedAsync, SemaphoreSlim maxParallelizationSemaphore, SemaphoreSlim maxQueuedActionsSemaphore, CancellationToken cancellationToken, Boolean continueOnCapturedContext)
   at Polly.AsyncPolicy.ExecuteAsync(Func`3 action, Context context, CancellationToken cancellationToken, Boolean continueOnCapturedContext)
   at Polly.Wrap.AsyncPolicyWrapEngine.ImplementationAsync(Func`3 action, Context context, CancellationToken cancellationToken, Boolean continueOnCapturedContext, IAsyncPolicy outerPolicy, IAsyncPolicy innerPolicy)
   at Polly.AsyncPolicy.ExecuteAsync(Func`3 action, Context context, CancellationToken cancellationToken, Boolean continueOnCapturedContext)
   at Polly.AsyncPolicy.ExecuteAndCaptureAsync(Func`3 action, Context context, CancellationToken cancellationToken, Boolean continueOnCapturedContext)
2025-07-21 13:09:11.944 +00:00 [ERR] TeaPie run failed.
System.AggregateException: One or more errors occurred. (Command execution failed because the underlying process (teapie#910) returned a non-zero exit code (1).

Command:
teapie test /srv/data/TeaPie/tests/MyDocuments --report-file /srv/data/TeaPie/reports/junit/MyDocuments-2025-07-21-13-09-06-1691-testresults.xml --environment docker-aks --log-file /srv/data/logs-.log --verbose

You can suppress this validation by calling `WithValidation(CommandResultValidation.None)` on the command.) (Command execution failed because the underlying process (teapie#928) returned a non-zero exit code (1).

Command:
teapie test /srv/data/TeaPie/tests/Partners --report-file /srv/data/TeaPie/reports/junit/Partners-2025-07-21-13-09-08-6156-testresults.xml --environment docker-aks --log-file /srv/data/logs-.log --verbose

You can suppress this validation by calling `WithValidation(CommandResultValidation.None)` on the command.)
 ---> CliWrap.Exceptions.CommandExecutionException: Command execution failed because the underlying process (teapie#910) returned a non-zero exit code (1).

Command:
teapie test /srv/data/TeaPie/tests/MyDocuments --report-file /srv/data/TeaPie/reports/junit/MyDocuments-2025-07-21-13-09-06-1691-testresults.xml --environment docker-aks --log-file /srv/data/logs-.log --verbose

You can suppress this validation by calling `WithValidation(CommandResultValidation.None)` on the command.
   at CliWrap.Command.ExecuteAsync(ProcessEx process, CancellationToken forcefulCancellationToken, CancellationToken gracefulCancellationToken) in D:\a\CliWrap\CliWrap\CliWrap\Command.Execution.cs:line 237
   at CliWrap.Command.ExecuteAsync(ProcessEx process, CancellationToken forcefulCancellationToken, CancellationToken gracefulCancellationToken) in D:\a\CliWrap\CliWrap\CliWrap\Command.Execution.cs:line 251
   at CliWrap.Command.ExecuteAsync(ProcessEx process, CancellationToken forcefulCancellationToken, CancellationToken gracefulCancellationToken) in D:\a\CliWrap\CliWrap\CliWrap\Command.Execution.cs:line 251
   at Polly.AsyncPolicy.<>c__DisplayClass40_0.<<ImplementationAsync>b__0>d.MoveNext()
--- End of stack trace from previous location ---
   at Polly.Retry.AsyncRetryEngine.ImplementationAsync[TResult](Func`3 action, Context context, CancellationToken cancellationToken, ExceptionPredicates shouldRetryExceptionPredicates, ResultPredicates`1 shouldRetryResultPredicates, Func`5 onRetryAsync, Int32 permittedRetryCount, IEnumerable`1 sleepDurationsEnumerable, Func`4 sleepDurationProvider, Boolean continueOnCapturedContext)
   at Polly.AsyncPolicy.ExecuteAsync(Func`3 action, Context context, CancellationToken cancellationToken, Boolean continueOnCapturedContext)
   at Polly.Wrap.AsyncPolicyWrapEngine.<>c__DisplayClass4_0.<<ImplementationAsync>b__0>d.MoveNext()
--- End of stack trace from previous location ---
   at Polly.AsyncPolicy.<>c__DisplayClass40_0.<<ImplementationAsync>b__0>d.MoveNext()
--- End of stack trace from previous location ---
   at Polly.Timeout.AsyncTimeoutEngine.ImplementationAsync[TResult](Func`3 action, Context context, CancellationToken cancellationToken, Func`2 timeoutProvider, TimeoutStrategy timeoutStrategy, Func`5 onTimeoutAsync, Boolean continueOnCapturedContext)
   at Polly.Timeout.AsyncTimeoutEngine.ImplementationAsync[TResult](Func`3 action, Context context, CancellationToken cancellationToken, Func`2 timeoutProvider, TimeoutStrategy timeoutStrategy, Func`5 onTimeoutAsync, Boolean continueOnCapturedContext)
   at Polly.AsyncPolicy.ExecuteAsync(Func`3 action, Context context, CancellationToken cancellationToken, Boolean continueOnCapturedContext)
   at Polly.Wrap.AsyncPolicyWrapEngine.ImplementationAsync(Func`3 action, Context context, CancellationToken cancellationToken, Boolean continueOnCapturedContext, IAsyncPolicy outerPolicy, IAsyncPolicy innerPolicy)
   at Polly.AsyncPolicy.ExecuteAsync(Func`3 action, Context context, CancellationToken cancellationToken, Boolean continueOnCapturedContext)
   at Polly.Wrap.AsyncPolicyWrapEngine.<>c__DisplayClass4_0.<<ImplementationAsync>b__0>d.MoveNext()
--- End of stack trace from previous location ---
   at Polly.AsyncPolicy.<>c__DisplayClass40_0.<<ImplementationAsync>b__0>d.MoveNext()
--- End of stack trace from previous location ---
   at Polly.Bulkhead.AsyncBulkheadEngine.ImplementationAsync[TResult](Func`3 action, Context context, Func`2 onBulkheadRejectedAsync, SemaphoreSlim maxParallelizationSemaphore, SemaphoreSlim maxQueuedActionsSemaphore, CancellationToken cancellationToken, Boolean continueOnCapturedContext)
   at Polly.AsyncPolicy.ExecuteAsync(Func`3 action, Context context, CancellationToken cancellationToken, Boolean continueOnCapturedContext)
   at Polly.Wrap.AsyncPolicyWrapEngine.ImplementationAsync(Func`3 action, Context context, CancellationToken cancellationToken, Boolean continueOnCapturedContext, IAsyncPolicy outerPolicy, IAsyncPolicy innerPolicy)
   at Polly.AsyncPolicy.ExecuteAsync(Func`3 action, Context context, CancellationToken cancellationToken, Boolean continueOnCapturedContext)
   at Polly.AsyncPolicy.ExecuteAndCaptureAsync(Func`3 action, Context context, CancellationToken cancellationToken, Boolean continueOnCapturedContext)
   --- End of inner exception stack trace ---
   at Kros.Esw.K8sUtils.RunTeaPieTestsCommand.ProcessExceptions(IReadOnlyCollection`1 tasks) in /src/RunTeaPieTestsCommand.cs:line 221
   at Kros.Esw.K8sUtils.RunTeaPieTestsCommand.ExecuteAsync(CommandContext context, Settings settings) in /src/RunTeaPieTestsCommand.cs:line 110
 ---> (Inner Exception #1) CliWrap.Exceptions.CommandExecutionException: Command execution failed because the underlying process (teapie#928) returned a non-zero exit code (1).

Command:
teapie test /srv/data/TeaPie/tests/Partners --report-file /srv/data/TeaPie/reports/junit/Partners-2025-07-21-13-09-08-6156-testresults.xml --environment docker-aks --log-file /srv/data/logs-.log --verbose

You can suppress this validation by calling `WithValidation(CommandResultValidation.None)` on the command.
   at CliWrap.Command.ExecuteAsync(ProcessEx process, CancellationToken forcefulCancellationToken, CancellationToken gracefulCancellationToken) in D:\a\CliWrap\CliWrap\CliWrap\Command.Execution.cs:line 237
   at CliWrap.Command.ExecuteAsync(ProcessEx process, CancellationToken forcefulCancellationToken, CancellationToken gracefulCancellationToken) in D:\a\CliWrap\CliWrap\CliWrap\Command.Execution.cs:line 251
   at CliWrap.Command.ExecuteAsync(ProcessEx process, CancellationToken forcefulCancellationToken, CancellationToken gracefulCancellationToken) in D:\a\CliWrap\CliWrap\CliWrap\Command.Execution.cs:line 251
   at Polly.AsyncPolicy.<>c__DisplayClass40_0.<<ImplementationAsync>b__0>d.MoveNext()
--- End of stack trace from previous location ---
   at Polly.Retry.AsyncRetryEngine.ImplementationAsync[TResult](Func`3 action, Context context, CancellationToken cancellationToken, ExceptionPredicates shouldRetryExceptionPredicates, ResultPredicates`1 shouldRetryResultPredicates, Func`5 onRetryAsync, Int32 permittedRetryCount, IEnumerable`1 sleepDurationsEnumerable, Func`4 sleepDurationProvider, Boolean continueOnCapturedContext)
   at Polly.AsyncPolicy.ExecuteAsync(Func`3 action, Context context, CancellationToken cancellationToken, Boolean continueOnCapturedContext)
   at Polly.Wrap.AsyncPolicyWrapEngine.<>c__DisplayClass4_0.<<ImplementationAsync>b__0>d.MoveNext()
--- End of stack trace from previous location ---
   at Polly.AsyncPolicy.<>c__DisplayClass40_0.<<ImplementationAsync>b__0>d.MoveNext()
--- End of stack trace from previous location ---
   at Polly.Timeout.AsyncTimeoutEngine.ImplementationAsync[TResult](Func`3 action, Context context, CancellationToken cancellationToken, Func`2 timeoutProvider, TimeoutStrategy timeoutStrategy, Func`5 onTimeoutAsync, Boolean continueOnCapturedContext)
   at Polly.Timeout.AsyncTimeoutEngine.ImplementationAsync[TResult](Func`3 action, Context context, CancellationToken cancellationToken, Func`2 timeoutProvider, TimeoutStrategy timeoutStrategy, Func`5 onTimeoutAsync, Boolean continueOnCapturedContext)
   at Polly.AsyncPolicy.ExecuteAsync(Func`3 action, Context context, CancellationToken cancellationToken, Boolean continueOnCapturedContext)
   at Polly.Wrap.AsyncPolicyWrapEngine.ImplementationAsync(Func`3 action, Context context, CancellationToken cancellationToken, Boolean continueOnCapturedContext, IAsyncPolicy outerPolicy, IAsyncPolicy innerPolicy)
   at Polly.AsyncPolicy.ExecuteAsync(Func`3 action, Context context, CancellationToken cancellationToken, Boolean continueOnCapturedContext)
   at Polly.Wrap.AsyncPolicyWrapEngine.<>c__DisplayClass4_0.<<ImplementationAsync>b__0>d.MoveNext()
--- End of stack trace from previous location ---
   at Polly.AsyncPolicy.<>c__DisplayClass40_0.<<ImplementationAsync>b__0>d.MoveNext()
--- End of stack trace from previous location ---
   at Polly.Bulkhead.AsyncBulkheadEngine.ImplementationAsync[TResult](Func`3 action, Context context, Func`2 onBulkheadRejectedAsync, SemaphoreSlim maxParallelizationSemaphore, SemaphoreSlim maxQueuedActionsSemaphore, CancellationToken cancellationToken, Boolean continueOnCapturedContext)
   at Polly.AsyncPolicy.ExecuteAsync(Func`3 action, Context context, CancellationToken cancellationToken, Boolean continueOnCapturedContext)
   at Polly.Wrap.AsyncPolicyWrapEngine.ImplementationAsync(Func`3 action, Context context, CancellationToken cancellationToken, Boolean continueOnCapturedContext, IAsyncPolicy outerPolicy, IAsyncPolicy innerPolicy)
   at Polly.AsyncPolicy.ExecuteAsync(Func`3 action, Context context, CancellationToken cancellationToken, Boolean continueOnCapturedContext)
   at Polly.AsyncPolicy.ExecuteAndCaptureAsync(Func`3 action, Context context, CancellationToken cancellationToken, Boolean continueOnCapturedContext)<---

2025-07-21 13:09:11.953 +00:00 [INF] [{TestsType}Result]: Final graceful write.
2025-07-21 13:09:11.953 +00:00 [INF] [TeaPieResult]: Writing reports to file /srv/data/TeaPie/reports/report.json (Alive: "2025-07-21T13:09:11.9487758Z")
2025-07-21 13:09:11.954 +00:00 [INF] [TeaPieResult]: Report written to file /srv/data/TeaPie/reports/report.json (Alive: "2025-07-21T13:09:11.9487758Z")
2025-07-21 13:09:11.955 +00:00 [INF] [TeaPieResult]: Writing reports to file /srv/data/TeaPie/reports/report.json (Alive: "2025-07-21T13:09:11.9487758Z")
2025-07-21 13:09:11.957 +00:00 [INF] [TeaPieResult]: Report written to file /srv/data/TeaPie/reports/report.json (Alive: "2025-07-21T13:09:11.9487758Z")
2025-07-21 13:09:11.958 +00:00 [INF] Creating reports. (Alive "2025-07-21T13:09:11.9487758Z")
